Log file open, 04/03/22 16:55:02
LogWindows: Failed to load 'aqProf.dll' (GetLastError=126)
LogWindows: File 'aqProf.dll' does not exist
LogWindows: Failed to load 'VtuneApi.dll' (GetLastError=126)
LogWindows: File 'VtuneApi.dll' does not exist
LogWindows: Failed to load 'VtuneApi32e.dll' (GetLastError=126)
LogWindows: File 'VtuneApi32e.dll' does not exist
LogConsoleResponse: Display: Failed to find resolution value strings in scalability ini. Falling back to default.
LogConsoleResponse: Display: Failed to find resolution value strings in scalability ini. Falling back to default.
LogInit: Display: Running engine for game: HauntedHouse
LogPlatformFile: Not using cached read wrapper
LogTaskGraph: Started task graph with 5 named threads and 71 total threads with 3 sets of task threads.
LogStats: Stats thread started at 0.234466
LogICUInternationalization: ICU TimeZone Detection - Raw Offset: -5:00, Platform Override: ''
LogInit: Display: Loading text-based GConfig....
LogPluginManager: Mounting plugin MeshPainting
LogPluginManager: Mounting plugin XGEController
LogPluginManager: Mounting plugin Paper2D
LogPluginManager: Mounting plugin CameraShakePreviewer
LogPluginManager: Mounting plugin AISupport
LogPluginManager: Mounting plugin EnvironmentQueryEditor
LogPluginManager: Mounting plugin GameplayCameras
LogPluginManager: Mounting plugin AssetManagerEditor
LogPluginManager: Mounting plugin OodleNetwork
LogPluginManager: Mounting plugin OodleData
LogPluginManager: Mounting plugin DatasmithContent
LogPluginManager: Mounting plugin CurveEditorTools
LogPluginManager: Mounting plugin DataValidation
LogPluginManager: Mounting plugin VariantManagerContent
LogPluginManager: Mounting plugin GeometryMode
LogPluginManager: Mounting plugin GameplayTagsEditor
LogPluginManager: Mounting plugin MaterialAnalyzer
LogPluginManager: Mounting plugin PluginBrowser
LogPluginManager: Mounting plugin SpeedTreeImporter
LogPluginManager: Mounting plugin AlembicImporter
LogPluginManager: Mounting plugin AutomationUtils
LogPluginManager: Mounting plugin BackChannel
LogPluginManager: Mounting plugin CharacterAI
LogPluginManager: Mounting plugin GeometryCache
LogPluginManager: Mounting plugin GeometryProcessing
LogPluginManager: Mounting plugin MotoSynth
LogPluginManager: Mounting plugin OpenImageDenoise
LogPluginManager: Mounting plugin AnimationSharing
LogPluginManager: Mounting plugin PlatformCrypto
LogPluginManager: Mounting plugin CLionSourceCodeAccess
LogPluginManager: Mounting plugin ProxyLODPlugin
LogPluginManager: Mounting plugin CodeLiteSourceCodeAccess
LogPluginManager: Mounting plugin GitSourceControl
LogPluginManager: Mounting plugin KDevelopSourceCodeAccess
LogPluginManager: Mounting plugin PixWinPlugin
LogPluginManager: Mounting plugin SkeletalReduction
LogPluginManager: Mounting plugin PluginUtils
LogPluginManager: Mounting plugin PropertyAccessNode
LogPluginManager: Mounting plugin RiderSourceCodeAccess
LogPluginManager: Mounting plugin TextureFormatOodle
LogPluginManager: Mounting plugin VisualStudioCodeSourceCodeAccess
LogPluginManager: Mounting plugin UObjectPlugin
LogPluginManager: Mounting plugin XCodeSourceCodeAccess
LogPluginManager: Mounting plugin VisualStudioSourceCodeAccess
LogPluginManager: Mounting plugin ImgMedia
LogPluginManager: Mounting plugin UdpMessaging
LogPluginManager: Mounting plugin TcpMessaging
LogPluginManager: Mounting plugin MediaCompositing
LogPluginManager: Mounting plugin MediaPlayerEditor
LogPluginManager: Mounting plugin WmfMedia
LogPluginManager: Mounting plugin WebMMedia
LogPluginManager: Mounting plugin LevelSequenceEditor
LogPluginManager: Mounting plugin MatineeToLevelSequence
LogPluginManager: Mounting plugin TemplateSequence
LogPluginManager: Mounting plugin LauncherChunkInstaller
LogPluginManager: Mounting plugin OnlineSubsystem
LogPluginManager: Mounting plugin OnlineSubsystemNull
LogPluginManager: Mounting plugin ScreenshotTools
LogPluginManager: Mounting plugin OnlineSubsystemUtils
LogPluginManager: Mounting plugin ActorLayerUtilities
LogPluginManager: Mounting plugin AssetTags
LogPluginManager: Mounting plugin AudioCapture
LogPluginManager: Mounting plugin AudioSynesthesia
LogPluginManager: Mounting plugin ChunkDownloader
LogPluginManager: Mounting plugin CustomMeshComponent
LogPluginManager: Mounting plugin EditableMesh
LogPluginManager: Mounting plugin ExampleDeviceProfileSelector
LogPluginManager: Mounting plugin PostSplashScreen
LogPluginManager: Mounting plugin ProceduralMeshComponent
LogPluginManager: Mounting plugin PropertyAccessEditor
LogPluginManager: Mounting plugin SignificanceManager
LogPluginManager: Mounting plugin RuntimePhysXCooking
LogPluginManager: Mounting plugin SoundFields
LogPluginManager: Mounting plugin LightPropagationVolume
LogPluginManager: Mounting plugin Synthesis
LogPluginManager: Mounting plugin WebMMoviePlayer
LogPluginManager: Mounting plugin WindowsMoviePlayer
LogPluginManager: Mounting plugin ContentBrowserAssetDataSource
LogPluginManager: Mounting plugin ContentBrowserClassDataSource
PixWinPlugin: PIX capture plugin failed to initialize! Check that the process is launched from PIX.
LogInit: Using libcurl 7.55.1-DEV
LogInit:  - built for x86_64-pc-win32
LogInit:  - supports SSL with OpenSSL/1.1.1
LogInit:  - supports HTTP deflate (compression) using libz 1.2.8
LogInit:  - other features:
LogInit:      CURL_VERSION_SSL
LogInit:      CURL_VERSION_LIBZ
LogInit:      CURL_VERSION_IPV6
LogInit:      CURL_VERSION_ASYNCHDNS
LogInit:      CURL_VERSION_LARGEFILE
LogInit:      CURL_VERSION_IDN
LogInit:  CurlRequestOptions (configurable via config and command line):
LogInit:  - bVerifyPeer = true  - Libcurl will verify peer certificate
LogInit:  - bUseHttpProxy = false  - Libcurl will NOT use HTTP proxy
LogInit:  - bDontReuseConnections = false  - Libcurl will reuse connections
LogInit:  - MaxHostConnections = 16  - Libcurl will limit the number of connections to a host
LogInit:  - LocalHostAddr = Default
LogInit:  - BufferSize = 65536
LogOnline: OSS: Creating online subsystem instance for: NULL
LogInit: WinSock: version 1.1 (2.2), MaxSocks=32767, MaxUdp=65467
LogOnline: OSS: TryLoadSubsystemAndSetDefault: Loaded subsystem for module [NULL]
LogInit: Build: ++UE4+Release-4.27-CL-18319896
LogInit: Engine Version: 4.27.2-18319896+++UE4+Release-4.27
LogInit: Compatible Engine Version: 4.27.0-17155196+++UE4+Release-4.27
LogInit: Net CL: 17155196
LogInit: OS: Windows 10 (Release 2009) (), CPU: AMD Ryzen 9 3900X 12-Core Processor            , GPU: NVIDIA GeForce RTX 2080 SUPER
LogInit: Compiled (64-bit): Nov 30 2021 07:12:08
LogInit: Compiled with Visual C++: 19.24.28315.00
LogInit: Build Configuration: Development
LogInit: Branch Name: ++UE4+Release-4.27
LogInit: Command Line: 
LogInit: Base Directory: D:/Epic Games/UE_4.27/Engine/Binaries/Win64/
LogInit: Allocator: TBB
LogInit: Installed Engine Build: 1
LogDevObjectVersion: Number of dev versions registered: 29
LogDevObjectVersion:   Dev-Blueprints (B0D832E4-1F89-4F0D-ACCF-7EB736FD4AA2): 10
LogDevObjectVersion:   Dev-Build (E1C64328-A22C-4D53-A36C-8E866417BD8C): 0
LogDevObjectVersion:   Dev-Core (375EC13C-06E4-48FB-B500-84F0262A717E): 4
LogDevObjectVersion:   Dev-Editor (E4B068ED-F494-42E9-A231-DA0B2E46BB41): 40
LogDevObjectVersion:   Dev-Framework (CFFC743F-43B0-4480-9391-14DF171D2073): 37
LogDevObjectVersion:   Dev-Mobile (B02B49B5-BB20-44E9-A304-32B752E40360): 3
LogDevObjectVersion:   Dev-Networking (A4E4105C-59A1-49B5-A7C5-40C4547EDFEE): 0
LogDevObjectVersion:   Dev-Online (39C831C9-5AE6-47DC-9A44-9C173E1C8E7C): 0
LogDevObjectVersion:   Dev-Physics (78F01B33-EBEA-4F98-B9B4-84EACCB95AA2): 14
LogDevObjectVersion:   Dev-Platform (6631380F-2D4D-43E0-8009-CF276956A95A): 0
LogDevObjectVersion:   Dev-Rendering (12F88B9F-8875-4AFC-A67C-D90C383ABD29): 45
LogDevObjectVersion:   Dev-Sequencer (7B5AE74C-D270-4C10-A958-57980B212A5A): 13
LogDevObjectVersion:   Dev-VR (D7296918-1DD6-4BDD-9DE2-64A83CC13884): 3
LogDevObjectVersion:   Dev-LoadTimes (C2A15278-BFE7-4AFE-6C17-90FF531DF755): 1
LogDevObjectVersion:   Private-Geometry (6EACA3D4-40EC-4CC1-B786-8BED09428FC5): 3
LogDevObjectVersion:   Dev-AnimPhys (29E575DD-E0A3-4627-9D10-D276232CDCEA): 17
LogDevObjectVersion:   Dev-Anim (AF43A65D-7FD3-4947-9873-3E8ED9C1BB05): 15
LogDevObjectVersion:   Dev-ReflectionCapture (6B266CEC-1EC7-4B8F-A30B-E4D90942FC07): 1
LogDevObjectVersion:   Dev-Automation (0DF73D61-A23F-47EA-B727-89E90C41499A): 1
LogDevObjectVersion:   FortniteMain (601D1886-AC64-4F84-AA16-D3DE0DEAC7D6): 47
LogDevObjectVersion:   FortniteRelease (E7086368-6B23-4C58-8439-1B7016265E91): 1
LogDevObjectVersion:   Dev-Enterprise (9DFFBCD6-494F-0158-E221-12823C92A888): 10
LogDevObjectVersion:   Dev-Niagara (F2AED0AC-9AFE-416F-8664-AA7FFA26D6FC): 1
LogDevObjectVersion:   Dev-Destruction (174F1F0B-B4C6-45A5-B13F-2EE8D0FB917D): 10
LogDevObjectVersion:   Dev-Physics-Ext (35F94A83-E258-406C-A318-09F59610247C): 41
LogDevObjectVersion:   Dev-PhysicsMaterial-Chaos (B68FC16E-8B1B-42E2-B453-215C058844FE): 1
LogDevObjectVersion:   Dev-CineCamera (B2E18506-4273-CFC2-A54E-F4BB758BBA07): 1
LogDevObjectVersion:   Dev-VirtualProduction (64F58936-FD1B-42BA-BA96-7289D5D0FA4E): 1
LogDevObjectVersion:   Dev-MediaFramework (6F0ED827-A609-4895-9C91-998D90180EA4): 2
LogInit: Presizing for max 25165824 objects, including 0 objects not considered by GC, pre-allocating 0 bytes for permanent pool.
LogConfig: Applying CVar settings from Section [/Script/Engine.StreamingSettings] File [C:/Users/mckre/Documents/GitHub/HauntedHouse/HauntedHouse/Saved/Config/Windows/Engine.ini]
LogConfig: Setting CVar [[s.MinBulkDataSizeForAsyncLoading:131072]]
LogConfig: Setting CVar [[s.AsyncLoadingThreadEnabled:0]]
LogConfig: Setting CVar [[s.EventDrivenLoaderEnabled:1]]
LogConfig: Setting CVar [[s.WarnIfTimeLimitExceeded:0]]
LogConfig: Setting CVar [[s.TimeLimitExceededMultiplier:1.5]]
LogConfig: Setting CVar [[s.TimeLimitExceededMinTime:0.005]]
LogConfig: Setting CVar [[s.UseBackgroundLevelStreaming:1]]
LogConfig: Setting CVar [[s.PriorityAsyncLoadingExtraTime:15.0]]
LogConfig: Setting CVar [[s.LevelStreamingActorsUpdateTimeLimit:5.0]]
LogConfig: Setting CVar [[s.PriorityLevelStreamingActorsUpdateExtraTime:5.0]]
LogConfig: Setting CVar [[s.LevelStreamingComponentsRegistrationGranularity:10]]
LogConfig: Setting CVar [[s.UnregisterComponentsTimeLimit:1.0]]
LogConfig: Setting CVar [[s.LevelStreamingComponentsUnregistrationGranularity:5]]
LogConfig: Setting CVar [[s.FlushStreamingOnExit:1]]
LogInit: Object subsystem initialized
LogConfig: Setting CVar [[con.DebugEarlyDefault:1]]
LogConfig: Setting CVar [[r.setres:1280x720]]
[2022.04.03-20.55.02:701][  0]LogConfig: Setting CVar [[r.VSync:0]]
[2022.04.03-20.55.02:701][  0]LogConfig: Setting CVar [[r.RHICmdBypass:0]]
[2022.04.03-20.55.02:701][  0]LogConfig: Applying CVar settings from Section [/Script/Engine.RendererSettings] File [C:/Users/mckre/Documents/GitHub/HauntedHouse/HauntedHouse/Saved/Config/Windows/Engine.ini]
[2022.04.03-20.55.02:701][  0]LogConfig: Setting CVar [[r.GPUCrashDebugging:0]]
[2022.04.03-20.55.02:701][  0]LogConfig: Applying CVar settings from Section [/Script/Engine.RendererOverrideSettings] File [C:/Users/mckre/Documents/GitHub/HauntedHouse/HauntedHouse/Saved/Config/Windows/Engine.ini]
[2022.04.03-20.55.02:701][  0]LogConfig: Applying CVar settings from Section [/Script/Engine.StreamingSettings] File [C:/Users/mckre/Documents/GitHub/HauntedHouse/HauntedHouse/Saved/Config/Windows/Engine.ini]
[2022.04.03-20.55.02:701][  0]LogConfig: Setting CVar [[s.MinBulkDataSizeForAsyncLoading:131072]]
[2022.04.03-20.55.02:701][  0]LogConfig: Setting CVar [[s.AsyncLoadingThreadEnabled:0]]
[2022.04.03-20.55.02:701][  0]LogConfig: Setting CVar [[s.EventDrivenLoaderEnabled:1]]
[2022.04.03-20.55.02:701][  0]LogConfig: Setting CVar [[s.WarnIfTimeLimitExceeded:0]]
[2022.04.03-20.55.02:701][  0]LogConfig: Setting CVar [[s.TimeLimitExceededMultiplier:1.5]]
[2022.04.03-20.55.02:701][  0]LogConfig: Setting CVar [[s.TimeLimitExceededMinTime:0.005]]
[2022.04.03-20.55.02:701][  0]LogConfig: Setting CVar [[s.UseBackgroundLevelStreaming:1]]
[2022.04.03-20.55.02:701][  0]LogConfig: Setting CVar [[s.PriorityAsyncLoadingExtraTime:15.0]]
[2022.04.03-20.55.02:701][  0]LogConfig: Setting CVar [[s.LevelStreamingActorsUpdateTimeLimit:5.0]]
[2022.04.03-20.55.02:701][  0]LogConfig: Setting CVar [[s.PriorityLevelStreamingActorsUpdateExtraTime:5.0]]
[2022.04.03-20.55.02:701][  0]LogConfig: Setting CVar [[s.LevelStreamingComponentsRegistrationGranularity:10]]
[2022.04.03-20.55.02:701][  0]LogConfig: Setting CVar [[s.UnregisterComponentsTimeLimit:1.0]]
[2022.04.03-20.55.02:701][  0]LogConfig: Setting CVar [[s.LevelStreamingComponentsUnregistrationGranularity:5]]
[2022.04.03-20.55.02:701][  0]LogConfig: Setting CVar [[s.FlushStreamingOnExit:1]]
[2022.04.03-20.55.02:701][  0]LogConfig: Applying CVar settings from Section [/Script/Engine.GarbageCollectionSettings] File [C:/Users/mckre/Documents/GitHub/HauntedHouse/HauntedHouse/Saved/Config/Windows/Engine.ini]
[2022.04.03-20.55.02:701][  0]LogConfig: Setting CVar [[gc.MaxObjectsNotConsideredByGC:1]]
[2022.04.03-20.55.02:701][  0]LogConfig: Setting CVar [[gc.SizeOfPermanentObjectPool:0]]
[2022.04.03-20.55.02:701][  0]LogConfig: Setting CVar [[gc.FlushStreamingOnGC:0]]
[2022.04.03-20.55.02:701][  0]LogConfig: Setting CVar [[gc.NumRetriesBeforeForcingGC:10]]
[2022.04.03-20.55.02:701][  0]LogConfig: Setting CVar [[gc.AllowParallelGC:1]]
[2022.04.03-20.55.02:701][  0]LogConfig: Setting CVar [[gc.TimeBetweenPurgingPendingKillObjects:61.1]]
[2022.04.03-20.55.02:701][  0]LogConfig: Setting CVar [[gc.MaxObjectsInEditor:25165824]]
[2022.04.03-20.55.02:701][  0]LogConfig: Setting CVar [[gc.IncrementalBeginDestroyEnabled:1]]
[2022.04.03-20.55.02:701][  0]LogConfig: Setting CVar [[gc.CreateGCClusters:1]]
[2022.04.03-20.55.02:701][  0]LogConfig: Setting CVar [[gc.MinGCClusterSize:5]]
[2022.04.03-20.55.02:701][  0]LogConfig: Setting CVar [[gc.ActorClusteringEnabled:0]]
[2022.04.03-20.55.02:701][  0]LogConfig: Setting CVar [[gc.BlueprintClusteringEnabled:0]]
[2022.04.03-20.55.02:701][  0]LogConfig: Setting CVar [[gc.UseDisregardForGCOnDedicatedServers:0]]
[2022.04.03-20.55.02:701][  0]LogConfig: Setting CVar [[gc.MultithreadedDestructionEnabled:1]]
[2022.04.03-20.55.02:701][  0]LogConfig: Applying CVar settings from Section [/Script/Engine.NetworkSettings] File [C:/Users/mckre/Documents/GitHub/HauntedHouse/HauntedHouse/Saved/Config/Windows/Engine.ini]
[2022.04.03-20.55.02:701][  0]LogConfig: Applying CVar settings from Section [/Script/UnrealEd.CookerSettings] File [C:/Users/mckre/Documents/GitHub/HauntedHouse/HauntedHouse/Saved/Config/Windows/Engine.ini]
[2022.04.03-20.55.02:718][  0]LogConfig: Applying CVar settings from Section [ViewDistanceQuality@3] File [C:/Users/mckre/Documents/GitHub/HauntedHouse/HauntedHouse/Saved/Config/Windows/Scalability.ini]
[2022.04.03-20.55.02:719][  0]LogConfig: Setting CVar [[r.SkeletalMeshLODBias:0]]
[2022.04.03-20.55.02:719][  0]LogConfig: Setting CVar [[r.ViewDistanceScale:1.0]]
[2022.04.03-20.55.02:719][  0]LogConfig: Applying CVar settings from Section [AntiAliasingQuality@3] File [C:/Users/mckre/Documents/GitHub/HauntedHouse/HauntedHouse/Saved/Config/Windows/Scalability.ini]
[2022.04.03-20.55.02:719][  0]LogConfig: Setting CVar [[r.PostProcessAAQuality:4]]
[2022.04.03-20.55.02:719][  0]LogConfig: Applying CVar settings from Section [ShadowQuality@3] File [C:/Users/mckre/Documents/GitHub/HauntedHouse/HauntedHouse/Saved/Config/Windows/Scalability.ini]
[2022.04.03-20.55.02:719][  0]LogConfig: Setting CVar [[r.LightFunctionQuality:1]]
[2022.04.03-20.55.02:719][  0]LogConfig: Setting CVar [[r.ShadowQuality:5]]
[2022.04.03-20.55.02:719][  0]LogConfig: Setting CVar [[r.Shadow.CSM.MaxCascades:10]]
[2022.04.03-20.55.02:719][  0]LogConfig: Setting CVar [[r.Shadow.MaxResolution:2048]]
[2022.04.03-20.55.02:719][  0]LogConfig: Setting CVar [[r.Shadow.MaxCSMResolution:2048]]
[2022.04.03-20.55.02:719][  0]LogConfig: Setting CVar [[r.Shadow.RadiusThreshold:0.01]]
[2022.04.03-20.55.02:719][  0]LogConfig: Setting CVar [[r.Shadow.DistanceScale:1.0]]
[2022.04.03-20.55.02:719][  0]LogConfig: Setting CVar [[r.Shadow.CSM.TransitionScale:1.0]]
[2022.04.03-20.55.02:719][  0]LogConfig: Setting CVar [[r.Shadow.PreShadowResolutionFactor:1.0]]
[2022.04.03-20.55.02:719][  0]LogConfig: Setting CVar [[r.DistanceFieldShadowing:1]]
[2022.04.03-20.55.02:719][  0]LogConfig: Setting CVar [[r.DistanceFieldAO:1]]
[2022.04.03-20.55.02:719][  0]LogConfig: Setting CVar [[r.AOQuality:2]]
[2022.04.03-20.55.02:719][  0]LogConfig: Setting CVar [[r.VolumetricFog:1]]
[2022.04.03-20.55.02:719][  0]LogConfig: Setting CVar [[r.VolumetricFog.GridPixelSize:8]]
[2022.04.03-20.55.02:719][  0]LogConfig: Setting CVar [[r.VolumetricFog.GridSizeZ:128]]
[2022.04.03-20.55.02:719][  0]LogConfig: Setting CVar [[r.VolumetricFog.HistoryMissSupersampleCount:4]]
[2022.04.03-20.55.02:719][  0]LogConfig: Setting CVar [[r.LightMaxDrawDistanceScale:1]]
[2022.04.03-20.55.02:719][  0]LogConfig: Setting CVar [[r.CapsuleShadows:1]]
[2022.04.03-20.55.02:719][  0]LogConfig: Applying CVar settings from Section [PostProcessQuality@3] File [C:/Users/mckre/Documents/GitHub/HauntedHouse/HauntedHouse/Saved/Config/Windows/Scalability.ini]
[2022.04.03-20.55.02:719][  0]LogConfig: Setting CVar [[r.MotionBlurQuality:4]]
[2022.04.03-20.55.02:719][  0]LogConfig: Setting CVar [[r.AmbientOcclusionMipLevelFactor:0.4]]
[2022.04.03-20.55.02:719][  0]LogConfig: Setting CVar [[r.AmbientOcclusionMaxQuality:100]]
[2022.04.03-20.55.02:719][  0]LogConfig: Setting CVar [[r.AmbientOcclusionLevels:-1]]
[2022.04.03-20.55.02:719][  0]LogConfig: Setting CVar [[r.AmbientOcclusionRadiusScale:1.0]]
[2022.04.03-20.55.02:719][  0]LogConfig: Setting CVar [[r.DepthOfFieldQuality:2]]
[2022.04.03-20.55.02:719][  0]LogConfig: Setting CVar [[r.RenderTargetPoolMin:400]]
[2022.04.03-20.55.02:719][  0]LogConfig: Setting CVar [[r.LensFlareQuality:2]]
[2022.04.03-20.55.02:719][  0]LogConfig: Setting CVar [[r.SceneColorFringeQuality:1]]
[2022.04.03-20.55.02:719][  0]LogConfig: Setting CVar [[r.EyeAdaptationQuality:2]]
[2022.04.03-20.55.02:719][  0]LogConfig: Setting CVar [[r.BloomQuality:5]]
[2022.04.03-20.55.02:719][  0]LogConfig: Setting CVar [[r.FastBlurThreshold:100]]
[2022.04.03-20.55.02:719][  0]LogConfig: Setting CVar [[r.Upscale.Quality:3]]
[2022.04.03-20.55.02:719][  0]LogConfig: Setting CVar [[r.Tonemapper.GrainQuantization:1]]
[2022.04.03-20.55.02:719][  0]LogConfig: Setting CVar [[r.LightShaftQuality:1]]
[2022.04.03-20.55.02:719][  0]LogConfig: Setting CVar [[r.Filter.SizeScale:1]]
[2022.04.03-20.55.02:719][  0]LogConfig: Setting CVar [[r.Tonemapper.Quality:5]]
[2022.04.03-20.55.02:719][  0]LogConfig: Setting CVar [[r.DOF.Gather.AccumulatorQuality:1        ; higher gathering accumulator quality]]
[2022.04.03-20.55.02:719][  0]LogConfig: Setting CVar [[r.DOF.Gather.PostfilterMethod:1          ; Median3x3 postfilering method]]
[2022.04.03-20.55.02:719][  0]LogConfig: Setting CVar [[r.DOF.Gather.EnableBokehSettings:0       ; no bokeh simulation when gathering]]
[2022.04.03-20.55.02:719][  0]LogConfig: Setting CVar [[r.DOF.Gather.RingCount:4                 ; medium number of samples when gathering]]
[2022.04.03-20.55.02:719][  0]LogConfig: Setting CVar [[r.DOF.Scatter.ForegroundCompositing:1    ; additive foreground scattering]]
[2022.04.03-20.55.02:719][  0]LogConfig: Setting CVar [[r.DOF.Scatter.BackgroundCompositing:2    ; additive background scattering]]
[2022.04.03-20.55.02:719][  0]LogConfig: Setting CVar [[r.DOF.Scatter.EnableBokehSettings:1      ; bokeh simulation when scattering]]
[2022.04.03-20.55.02:719][  0]LogConfig: Setting CVar [[r.DOF.Scatter.MaxSpriteRatio:0.1         ; only a maximum of 10% of scattered bokeh]]
[2022.04.03-20.55.02:719][  0]LogConfig: Setting CVar [[r.DOF.Recombine.Quality:1                ; cheap slight out of focus]]
[2022.04.03-20.55.02:719][  0]LogConfig: Setting CVar [[r.DOF.Recombine.EnableBokehSettings:0    ; no bokeh simulation on slight out of focus]]
[2022.04.03-20.55.02:719][  0]LogConfig: Setting CVar [[r.DOF.TemporalAAQuality:1                ; more stable temporal accumulation]]
[2022.04.03-20.55.02:719][  0]LogConfig: Setting CVar [[r.DOF.Kernel.MaxForegroundRadius:0.025]]
[2022.04.03-20.55.02:719][  0]LogConfig: Setting CVar [[r.DOF.Kernel.MaxBackgroundRadius:0.025]]
[2022.04.03-20.55.02:719][  0]LogConfig: Applying CVar settings from Section [TextureQuality@3] File [C:/Users/mckre/Documents/GitHub/HauntedHouse/HauntedHouse/Saved/Config/Windows/Scalability.ini]
[2022.04.03-20.55.02:719][  0]LogConfig: Setting CVar [[r.Streaming.MipBias:0]]
[2022.04.03-20.55.02:719][  0]LogConfig: Setting CVar [[r.Streaming.AmortizeCPUToGPUCopy:0]]
[2022.04.03-20.55.02:719][  0]LogConfig: Setting CVar [[r.Streaming.MaxNumTexturesToStreamPerFrame:0]]
[2022.04.03-20.55.02:719][  0]LogConfig: Setting CVar [[r.Streaming.Boost:1]]
[2022.04.03-20.55.02:719][  0]LogConfig: Setting CVar [[r.MaxAnisotropy:8]]
[2022.04.03-20.55.02:719][  0]LogConfig: Setting CVar [[r.VT.MaxAnisotropy:8]]
[2022.04.03-20.55.02:719][  0]LogConfig: Setting CVar [[r.Streaming.LimitPoolSizeToVRAM:0]]
[2022.04.03-20.55.02:719][  0]LogConfig: Setting CVar [[r.Streaming.PoolSize:1000]]
[2022.04.03-20.55.02:719][  0]LogConfig: Setting CVar [[r.Streaming.MaxEffectiveScreenSize:0]]
[2022.04.03-20.55.02:719][  0]LogConfig: Applying CVar settings from Section [EffectsQuality@3] File [C:/Users/mckre/Documents/GitHub/HauntedHouse/HauntedHouse/Saved/Config/Windows/Scalability.ini]
[2022.04.03-20.55.02:719][  0]LogConfig: Setting CVar [[r.TranslucencyLightingVolumeDim:64]]
[2022.04.03-20.55.02:719][  0]LogConfig: Setting CVar [[r.RefractionQuality:2]]
[2022.04.03-20.55.02:719][  0]LogConfig: Setting CVar [[r.SSR.Quality:3]]
[2022.04.03-20.55.02:719][  0]LogConfig: Setting CVar [[r.SSR.HalfResSceneColor:0]]
[2022.04.03-20.55.02:719][  0]LogConfig: Setting CVar [[r.SceneColorFormat:4]]
[2022.04.03-20.55.02:719][  0]LogConfig: Setting CVar [[r.DetailMode:2]]
[2022.04.03-20.55.02:719][  0]LogConfig: Setting CVar [[r.TranslucencyVolumeBlur:1]]
[2022.04.03-20.55.02:719][  0]LogConfig: Setting CVar [[r.MaterialQualityLevel:1 ; High quality]]
[2022.04.03-20.55.02:719][  0]LogConfig: Setting CVar [[r.AnisotropicMaterials:1]]
[2022.04.03-20.55.02:719][  0]LogConfig: Setting CVar [[r.SSS.Scale:1]]
[2022.04.03-20.55.02:719][  0]LogConfig: Setting CVar [[r.SSS.SampleSet:2]]
[2022.04.03-20.55.02:719][  0]LogConfig: Setting CVar [[r.SSS.Quality:1]]
[2022.04.03-20.55.02:719][  0]LogConfig: Setting CVar [[r.SSS.HalfRes:0]]
[2022.04.03-20.55.02:719][  0]LogConfig: Setting CVar [[r.SSGI.Quality:3]]
[2022.04.03-20.55.02:719][  0]LogConfig: Setting CVar [[r.EmitterSpawnRateScale:1.0]]
[2022.04.03-20.55.02:719][  0]LogConfig: Setting CVar [[r.ParticleLightQuality:2]]
[2022.04.03-20.55.02:719][  0]LogConfig: Setting CVar [[r.SkyAtmosphere.AerialPerspectiveLUT.FastApplyOnOpaque:1 ; Always have FastSkyLUT 1 in this case to avoid wrong sky]]
[2022.04.03-20.55.02:719][  0]LogConfig: Setting CVar [[r.SkyAtmosphere.AerialPerspectiveLUT.SampleCountMaxPerSlice:4]]
[2022.04.03-20.55.02:719][  0]LogConfig: Setting CVar [[r.SkyAtmosphere.AerialPerspectiveLUT.DepthResolution:16.0]]
[2022.04.03-20.55.02:719][  0]LogConfig: Setting CVar [[r.SkyAtmosphere.FastSkyLUT:1]]
[2022.04.03-20.55.02:719][  0]LogConfig: Setting CVar [[r.SkyAtmosphere.FastSkyLUT.SampleCountMin:4.0]]
[2022.04.03-20.55.02:719][  0]LogConfig: Setting CVar [[r.SkyAtmosphere.FastSkyLUT.SampleCountMax:128.0]]
[2022.04.03-20.55.02:719][  0]LogConfig: Setting CVar [[r.SkyAtmosphere.SampleCountMin:4.0]]
[2022.04.03-20.55.02:719][  0]LogConfig: Setting CVar [[r.SkyAtmosphere.SampleCountMax:128.0]]
[2022.04.03-20.55.02:719][  0]LogConfig: Setting CVar [[r.SkyAtmosphere.TransmittanceLUT.UseSmallFormat:0]]
[2022.04.03-20.55.02:719][  0]LogConfig: Setting CVar [[r.SkyAtmosphere.TransmittanceLUT.SampleCount:10.0]]
[2022.04.03-20.55.02:719][  0]LogConfig: Setting CVar [[r.SkyAtmosphere.MultiScatteringLUT.SampleCount:15.0]]
[2022.04.03-20.55.02:719][  0]LogConfig: Setting CVar [[r.SkyLight.RealTimeReflectionCapture:1]]
[2022.04.03-20.55.02:719][  0]LogConfig: Applying CVar settings from Section [FoliageQuality@3] File [C:/Users/mckre/Documents/GitHub/HauntedHouse/HauntedHouse/Saved/Config/Windows/Scalability.ini]
[2022.04.03-20.55.02:719][  0]LogConfig: Setting CVar [[foliage.DensityScale:1.0]]
[2022.04.03-20.55.02:719][  0]LogConfig: Setting CVar [[grass.DensityScale:1.0]]
[2022.04.03-20.55.02:719][  0]LogConfig: Applying CVar settings from Section [ShadingQuality@3] File [C:/Users/mckre/Documents/GitHub/HauntedHouse/HauntedHouse/Saved/Config/Windows/Scalability.ini]
[2022.04.03-20.55.02:719][  0]LogConfig: Setting CVar [[r.HairStrands.SkyLighting.IntegrationType:2]]
[2022.04.03-20.55.02:720][  0]LogConfig: Setting CVar [[r.HairStrands.SkyAO.SampleCount:4]]
[2022.04.03-20.55.02:720][  0]LogConfig: Setting CVar [[r.HairStrands.Visibility.MSAA.SamplePerPixel:4]]
[2022.04.03-20.55.02:720][  0]LogInit: Selected Device Profile: [Windows]
[2022.04.03-20.55.02:720][  0]LogInit: Applying CVar settings loaded from the selected device profile: [Windows]
[2022.04.03-20.55.02:720][  0]LogHAL: Display: Platform has ~ 64 GB [68644610048 / 68719476736 / 64], which maps to Largest [LargestMinGB=32, LargerMinGB=12, DefaultMinGB=8, SmallerMinGB=6, SmallestMinGB=0)
[2022.04.03-20.55.02:720][  0]LogInit: Going up to parent DeviceProfile []
[2022.04.03-20.55.02:720][  0]LogConfig: Applying CVar settings from Section [ViewDistanceQuality@3] File [C:/Users/mckre/Documents/GitHub/HauntedHouse/HauntedHouse/Saved/Config/Windows/Scalability.ini]
[2022.04.03-20.55.02:720][  0]LogConfig: Setting CVar [[r.SkeletalMeshLODBias:0]]
[2022.04.03-20.55.02:720][  0]LogConfig: Setting CVar [[r.ViewDistanceScale:1.0]]
[2022.04.03-20.55.02:720][  0]LogConfig: Applying CVar settings from Section [AntiAliasingQuality@3] File [C:/Users/mckre/Documents/GitHub/HauntedHouse/HauntedHouse/Saved/Config/Windows/Scalability.ini]
[2022.04.03-20.55.02:720][  0]LogConfig: Setting CVar [[r.PostProcessAAQuality:4]]
[2022.04.03-20.55.02:720][  0]LogConfig: Applying CVar settings from Section [ShadowQuality@3] File [C:/Users/mckre/Documents/GitHub/HauntedHouse/HauntedHouse/Saved/Config/Windows/Scalability.ini]
[2022.04.03-20.55.02:720][  0]LogConfig: Setting CVar [[r.LightFunctionQuality:1]]
[2022.04.03-20.55.02:720][  0]LogConfig: Setting CVar [[r.ShadowQuality:5]]
[2022.04.03-20.55.02:720][  0]LogConfig: Setting CVar [[r.Shadow.CSM.MaxCascades:10]]
[2022.04.03-20.55.02:720][  0]LogConfig: Setting CVar [[r.Shadow.MaxResolution:2048]]
[2022.04.03-20.55.02:720][  0]LogConfig: Setting CVar [[r.Shadow.MaxCSMResolution:2048]]
[2022.04.03-20.55.02:720][  0]LogConfig: Setting CVar [[r.Shadow.RadiusThreshold:0.01]]
[2022.04.03-20.55.02:720][  0]LogConfig: Setting CVar [[r.Shadow.DistanceScale:1.0]]
[2022.04.03-20.55.02:720][  0]LogConfig: Setting CVar [[r.Shadow.CSM.TransitionScale:1.0]]
[2022.04.03-20.55.02:720][  0]LogConfig: Setting CVar [[r.Shadow.PreShadowResolutionFactor:1.0]]
[2022.04.03-20.55.02:720][  0]LogConfig: Setting CVar [[r.DistanceFieldShadowing:1]]
[2022.04.03-20.55.02:720][  0]LogConfig: Setting CVar [[r.DistanceFieldAO:1]]
[2022.04.03-20.55.02:720][  0]LogConfig: Setting CVar [[r.AOQuality:2]]
[2022.04.03-20.55.02:720][  0]LogConfig: Setting CVar [[r.VolumetricFog:1]]
[2022.04.03-20.55.02:720][  0]LogConfig: Setting CVar [[r.VolumetricFog.GridPixelSize:8]]
[2022.04.03-20.55.02:720][  0]LogConfig: Setting CVar [[r.VolumetricFog.GridSizeZ:128]]
[2022.04.03-20.55.02:720][  0]LogConfig: Setting CVar [[r.VolumetricFog.HistoryMissSupersampleCount:4]]
[2022.04.03-20.55.02:720][  0]LogConfig: Setting CVar [[r.LightMaxDrawDistanceScale:1]]
[2022.04.03-20.55.02:720][  0]LogConfig: Setting CVar [[r.CapsuleShadows:1]]
[2022.04.03-20.55.02:720][  0]LogConfig: Applying CVar settings from Section [PostProcessQuality@3] File [C:/Users/mckre/Documents/GitHub/HauntedHouse/HauntedHouse/Saved/Config/Windows/Scalability.ini]
[2022.04.03-20.55.02:720][  0]LogConfig: Setting CVar [[r.MotionBlurQuality:4]]
[2022.04.03-20.55.02:720][  0]LogConfig: Setting CVar [[r.AmbientOcclusionMipLevelFactor:0.4]]
[2022.04.03-20.55.02:720][  0]LogConfig: Setting CVar [[r.AmbientOcclusionMaxQuality:100]]
[2022.04.03-20.55.02:720][  0]LogConfig: Setting CVar [[r.AmbientOcclusionLevels:-1]]
[2022.04.03-20.55.02:720][  0]LogConfig: Setting CVar [[r.AmbientOcclusionRadiusScale:1.0]]
[2022.04.03-20.55.02:720][  0]LogConfig: Setting CVar [[r.DepthOfFieldQuality:2]]
[2022.04.03-20.55.02:720][  0]LogConfig: Setting CVar [[r.RenderTargetPoolMin:400]]
[2022.04.03-20.55.02:720][  0]LogConfig: Setting CVar [[r.LensFlareQuality:2]]
[2022.04.03-20.55.02:720][  0]LogConfig: Setting CVar [[r.SceneColorFringeQuality:1]]
[2022.04.03-20.55.02:720][  0]LogConfig: Setting CVar [[r.EyeAdaptationQuality:2]]
[2022.04.03-20.55.02:720][  0]LogConfig: Setting CVar [[r.BloomQuality:5]]
[2022.04.03-20.55.02:720][  0]LogConfig: Setting CVar [[r.FastBlurThreshold:100]]
[2022.04.03-20.55.02:720][  0]LogConfig: Setting CVar [[r.Upscale.Quality:3]]
[2022.04.03-20.55.02:720][  0]LogConfig: Setting CVar [[r.Tonemapper.GrainQuantization:1]]
[2022.04.03-20.55.02:720][  0]LogConfig: Setting CVar [[r.LightShaftQuality:1]]
[2022.04.03-20.55.02:720][  0]LogConfig: Setting CVar [[r.Filter.SizeScale:1]]
[2022.04.03-20.55.02:720][  0]LogConfig: Setting CVar [[r.Tonemapper.Quality:5]]
[2022.04.03-20.55.02:720][  0]LogConfig: Setting CVar [[r.DOF.Gather.AccumulatorQuality:1        ; higher gathering accumulator quality]]
[2022.04.03-20.55.02:720][  0]LogConfig: Setting CVar [[r.DOF.Gather.PostfilterMethod:1          ; Median3x3 postfilering method]]
[2022.04.03-20.55.02:720][  0]LogConfig: Setting CVar [[r.DOF.Gather.EnableBokehSettings:0       ; no bokeh simulation when gathering]]
[2022.04.03-20.55.02:720][  0]LogConfig: Setting CVar [[r.DOF.Gather.RingCount:4                 ; medium number of samples when gathering]]
[2022.04.03-20.55.02:720][  0]LogConfig: Setting CVar [[r.DOF.Scatter.ForegroundCompositing:1    ; additive foreground scattering]]
[2022.04.03-20.55.02:720][  0]LogConfig: Setting CVar [[r.DOF.Scatter.BackgroundCompositing:2    ; additive background scattering]]
[2022.04.03-20.55.02:720][  0]LogConfig: Setting CVar [[r.DOF.Scatter.EnableBokehSettings:1      ; bokeh simulation when scattering]]
[2022.04.03-20.55.02:720][  0]LogConfig: Setting CVar [[r.DOF.Scatter.MaxSpriteRatio:0.1         ; only a maximum of 10% of scattered bokeh]]
[2022.04.03-20.55.02:720][  0]LogConfig: Setting CVar [[r.DOF.Recombine.Quality:1                ; cheap slight out of focus]]
[2022.04.03-20.55.02:720][  0]LogConfig: Setting CVar [[r.DOF.Recombine.EnableBokehSettings:0    ; no bokeh simulation on slight out of focus]]
[2022.04.03-20.55.02:720][  0]LogConfig: Setting CVar [[r.DOF.TemporalAAQuality:1                ; more stable temporal accumulation]]
[2022.04.03-20.55.02:720][  0]LogConfig: Setting CVar [[r.DOF.Kernel.MaxForegroundRadius:0.025]]
[2022.04.03-20.55.02:720][  0]LogConfig: Setting CVar [[r.DOF.Kernel.MaxBackgroundRadius:0.025]]
[2022.04.03-20.55.02:720][  0]LogConfig: Applying CVar settings from Section [TextureQuality@3] File [C:/Users/mckre/Documents/GitHub/HauntedHouse/HauntedHouse/Saved/Config/Windows/Scalability.ini]
[2022.04.03-20.55.02:720][  0]LogConfig: Setting CVar [[r.Streaming.MipBias:0]]
[2022.04.03-20.55.02:720][  0]LogConfig: Setting CVar [[r.Streaming.AmortizeCPUToGPUCopy:0]]
[2022.04.03-20.55.02:720][  0]LogConfig: Setting CVar [[r.Streaming.MaxNumTexturesToStreamPerFrame:0]]
[2022.04.03-20.55.02:720][  0]LogConfig: Setting CVar [[r.Streaming.Boost:1]]
[2022.04.03-20.55.02:720][  0]LogConfig: Setting CVar [[r.MaxAnisotropy:8]]
[2022.04.03-20.55.02:720][  0]LogConfig: Setting CVar [[r.VT.MaxAnisotropy:8]]
[2022.04.03-20.55.02:720][  0]LogConfig: Setting CVar [[r.Streaming.LimitPoolSizeToVRAM:0]]
[2022.04.03-20.55.02:720][  0]LogConfig: Setting CVar [[r.Streaming.PoolSize:1000]]
[2022.04.03-20.55.02:720][  0]LogConfig: Setting CVar [[r.Streaming.MaxEffectiveScreenSize:0]]
[2022.04.03-20.55.02:720][  0]LogConfig: Applying CVar settings from Section [EffectsQuality@3] File [C:/Users/mckre/Documents/GitHub/HauntedHouse/HauntedHouse/Saved/Config/Windows/Scalability.ini]
[2022.04.03-20.55.02:720][  0]LogConfig: Setting CVar [[r.TranslucencyLightingVolumeDim:64]]
[2022.04.03-20.55.02:720][  0]LogConfig: Setting CVar [[r.RefractionQuality:2]]
[2022.04.03-20.55.02:720][  0]LogConfig: Setting CVar [[r.SSR.Quality:3]]
[2022.04.03-20.55.02:720][  0]LogConfig: Setting CVar [[r.SSR.HalfResSceneColor:0]]
[2022.04.03-20.55.02:720][  0]LogConfig: Setting CVar [[r.SceneColorFormat:4]]
[2022.04.03-20.55.02:720][  0]LogConfig: Setting CVar [[r.DetailMode:2]]
[2022.04.03-20.55.02:720][  0]LogConfig: Setting CVar [[r.TranslucencyVolumeBlur:1]]
[2022.04.03-20.55.02:720][  0]LogConfig: Setting CVar [[r.MaterialQualityLevel:1 ; High quality]]
[2022.04.03-20.55.02:720][  0]LogConfig: Setting CVar [[r.AnisotropicMaterials:1]]
[2022.04.03-20.55.02:720][  0]LogConfig: Setting CVar [[r.SSS.Scale:1]]
[2022.04.03-20.55.02:720][  0]LogConfig: Setting CVar [[r.SSS.SampleSet:2]]
[2022.04.03-20.55.02:720][  0]LogConfig: Setting CVar [[r.SSS.Quality:1]]
[2022.04.03-20.55.02:720][  0]LogConfig: Setting CVar [[r.SSS.HalfRes:0]]
[2022.04.03-20.55.02:720][  0]LogConfig: Setting CVar [[r.SSGI.Quality:3]]
[2022.04.03-20.55.02:720][  0]LogConfig: Setting CVar [[r.EmitterSpawnRateScale:1.0]]
[2022.04.03-20.55.02:720][  0]LogConfig: Setting CVar [[r.ParticleLightQuality:2]]
[2022.04.03-20.55.02:720][  0]LogConfig: Setting CVar [[r.SkyAtmosphere.AerialPerspectiveLUT.FastApplyOnOpaque:1 ; Always have FastSkyLUT 1 in this case to avoid wrong sky]]
[2022.04.03-20.55.02:720][  0]LogConfig: Setting CVar [[r.SkyAtmosphere.AerialPerspectiveLUT.SampleCountMaxPerSlice:4]]
[2022.04.03-20.55.02:720][  0]LogConfig: Setting CVar [[r.SkyAtmosphere.AerialPerspectiveLUT.DepthResolution:16.0]]
[2022.04.03-20.55.02:720][  0]LogConfig: Setting CVar [[r.SkyAtmosphere.FastSkyLUT:1]]
[2022.04.03-20.55.02:720][  0]LogConfig: Setting CVar [[r.SkyAtmosphere.FastSkyLUT.SampleCountMin:4.0]]
[2022.04.03-20.55.02:720][  0]LogConfig: Setting CVar [[r.SkyAtmosphere.FastSkyLUT.SampleCountMax:128.0]]
[2022.04.03-20.55.02:721][  0]LogConfig: Setting CVar [[r.SkyAtmosphere.SampleCountMin:4.0]]
[2022.04.03-20.55.02:721][  0]LogConfig: Setting CVar [[r.SkyAtmosphere.SampleCountMax:128.0]]
[2022.04.03-20.55.02:721][  0]LogConfig: Setting CVar [[r.SkyAtmosphere.TransmittanceLUT.UseSmallFormat:0]]
[2022.04.03-20.55.02:721][  0]LogConfig: Setting CVar [[r.SkyAtmosphere.TransmittanceLUT.SampleCount:10.0]]
[2022.04.03-20.55.02:721][  0]LogConfig: Setting CVar [[r.SkyAtmosphere.MultiScatteringLUT.SampleCount:15.0]]
[2022.04.03-20.55.02:721][  0]LogConfig: Setting CVar [[r.SkyLight.RealTimeReflectionCapture:1]]
[2022.04.03-20.55.02:721][  0]LogConfig: Applying CVar settings from Section [FoliageQuality@3] File [C:/Users/mckre/Documents/GitHub/HauntedHouse/HauntedHouse/Saved/Config/Windows/Scalability.ini]
[2022.04.03-20.55.02:721][  0]LogConfig: Setting CVar [[foliage.DensityScale:1.0]]
[2022.04.03-20.55.02:721][  0]LogConfig: Setting CVar [[grass.DensityScale:1.0]]
[2022.04.03-20.55.02:721][  0]LogConfig: Applying CVar settings from Section [ShadingQuality@3] File [C:/Users/mckre/Documents/GitHub/HauntedHouse/HauntedHouse/Saved/Config/Windows/Scalability.ini]
[2022.04.03-20.55.02:721][  0]LogConfig: Setting CVar [[r.HairStrands.SkyLighting.IntegrationType:2]]
[2022.04.03-20.55.02:721][  0]LogConfig: Setting CVar [[r.HairStrands.SkyAO.SampleCount:4]]
[2022.04.03-20.55.02:721][  0]LogConfig: Setting CVar [[r.HairStrands.Visibility.MSAA.SamplePerPixel:4]]
[2022.04.03-20.55.02:721][  0]LogConfig: Applying CVar settings from Section [Startup] File [../../../Engine/Config/ConsoleVariables.ini]
[2022.04.03-20.55.02:721][  0]LogConfig: Setting CVar [[net.UseAdaptiveNetUpdateFrequency:0]]
[2022.04.03-20.55.02:721][  0]LogConfig: Setting CVar [[p.chaos.AllowCreatePhysxBodies:1]]
[2022.04.03-20.55.02:721][  0]LogConfig: Applying CVar settings from Section [ConsoleVariables] File [C:/Users/mckre/Documents/GitHub/HauntedHouse/HauntedHouse/Saved/Config/Windows/Engine.ini]
[2022.04.03-20.55.02:721][  0]LogConfig: Applying CVar settings from Section [ConsoleVariables] File [C:/Users/mckre/Documents/GitHub/HauntedHouse/HauntedHouse/Saved/Config/Windows/Editor.ini]
[2022.04.03-20.55.02:721][  0]LogInit: Computer: COSMOTRONPRIME
[2022.04.03-20.55.02:721][  0]LogInit: User: mckre
[2022.04.03-20.55.02:721][  0]LogInit: CPU Page size=4096, Cores=12
[2022.04.03-20.55.02:721][  0]LogInit: High frequency timer resolution =10.000000 MHz
[2022.04.03-20.55.02:721][  0]LogMemory: Memory total: Physical=63.9GB (64GB approx)
[2022.04.03-20.55.02:721][  0]LogMemory: Platform Memory Stats for Windows
[2022.04.03-20.55.02:721][  0]LogMemory: Process Physical Memory: 142.96 MB used, 142.96 MB peak
[2022.04.03-20.55.02:721][  0]LogMemory: Process Virtual Memory: 129.58 MB used, 129.58 MB peak
[2022.04.03-20.55.02:721][  0]LogMemory: Physical Memory: 14734.80 MB used,  50729.80 MB free, 65464.60 MB total
[2022.04.03-20.55.02:721][  0]LogMemory: Virtual Memory: 134160600.00 MB used,  57131.18 MB free, 134217728.00 MB total
[2022.04.03-20.55.02:727][  0]LogWindows: WindowsPlatformFeatures enabled
[2022.04.03-20.55.02:764][  0]LogInit: Physics initialised using underlying interface: PhysX
[2022.04.03-20.55.02:765][  0]LogInit: Using OS detected language (en-US).
[2022.04.03-20.55.02:765][  0]LogInit: Using OS detected locale (en-US).
[2022.04.03-20.55.02:767][  0]LogTextLocalizationManager: No specific localization for 'en-US' exists, so the 'en' localization will be used.
[2022.04.03-20.55.02:941][  0]LogInit: Setting process to per monitor DPI aware
[2022.04.03-20.55.02:956][  0]LogWindowsTextInputMethodSystem: Display: IME system deactivated.
[2022.04.03-20.55.02:974][  0]LogSlate: New Slate User Created.  User Index 0, Is Virtual User: 0
[2022.04.03-20.55.02:974][  0]LogSlate: Slate User Registered.  User Index 0, Is Virtual User: 0
[2022.04.03-20.55.03:175][  0]LogD3D11RHI: Loaded GFSDK_Aftermath_Lib.x64.dll
[2022.04.03-20.55.03:177][  0]LogD3D11RHI: D3D11 min allowed feature level: 11_0
[2022.04.03-20.55.03:177][  0]LogD3D11RHI: D3D11 max allowed feature level: 11_0
[2022.04.03-20.55.03:177][  0]LogD3D11RHI: D3D11 adapters:
[2022.04.03-20.55.03:358][  0]LogD3D11RHI:    0. 'NVIDIA GeForce RTX 2080 SUPER' (Feature Level 11_0)
[2022.04.03-20.55.03:358][  0]LogD3D11RHI:       8010/0/32732 MB DedicatedVideo/DedicatedSystem/SharedSystem, Outputs:2, VendorId:0x10de
[2022.04.03-20.55.03:361][  0]LogD3D11RHI:    1. 'Microsoft Basic Render Driver' (Feature Level 11_0)
[2022.04.03-20.55.03:361][  0]LogD3D11RHI:       0/0/32732 MB DedicatedVideo/DedicatedSystem/SharedSystem, Outputs:0, VendorId:0x1414
[2022.04.03-20.55.03:361][  0]LogD3D11RHI: Chosen D3D11 Adapter:
[2022.04.03-20.55.03:361][  0]LogD3D11RHI:     Description : NVIDIA GeForce RTX 2080 SUPER
[2022.04.03-20.55.03:361][  0]LogD3D11RHI:     VendorId    : 10de
[2022.04.03-20.55.03:361][  0]LogD3D11RHI:     DeviceId    : 1e81
[2022.04.03-20.55.03:361][  0]LogD3D11RHI:     SubSysId    : 13a010de
[2022.04.03-20.55.03:361][  0]LogD3D11RHI:     Revision    : 00a1
[2022.04.03-20.55.03:361][  0]LogD3D11RHI:     DedicatedVideoMemory : 8399093760 bytes
[2022.04.03-20.55.03:361][  0]LogD3D11RHI:     DedicatedSystemMemory : 0 bytes
[2022.04.03-20.55.03:361][  0]LogD3D11RHI:     SharedSystemMemory : 34322305024 bytes
[2022.04.03-20.55.03:361][  0]LogD3D11RHI:     AdapterLuid : 0 79422
[2022.04.03-20.55.03:369][  0]LogD3D11RHI: Creating new Direct3DDevice
[2022.04.03-20.55.03:369][  0]LogD3D11RHI:     GPU DeviceId: 0x1e81 (for the marketing name, search the web for "GPU Device Id")
[2022.04.03-20.55.03:369][  0]LogWindows: EnumDisplayDevices:
[2022.04.03-20.55.03:369][  0]LogWindows:    0. 'NVIDIA GeForce RTX 2080 SUPER' (P:1 D:1)
[2022.04.03-20.55.03:369][  0]LogWindows:    1. 'NVIDIA GeForce RTX 2080 SUPER' (P:0 D:1)
[2022.04.03-20.55.03:370][  0]LogWindows:    2. 'NVIDIA GeForce RTX 2080 SUPER' (P:0 D:0)
[2022.04.03-20.55.03:370][  0]LogWindows:    3. 'NVIDIA GeForce RTX 2080 SUPER' (P:0 D:0)
[2022.04.03-20.55.03:370][  0]LogWindows: DebugString: FoundDriverCount:4 
[2022.04.03-20.55.03:370][  0]LogD3D11RHI:     Adapter Name: NVIDIA GeForce RTX 2080 SUPER
[2022.04.03-20.55.03:370][  0]LogD3D11RHI:   Driver Version: 511.79 (internal:30.0.15.1179, unified:511.79)
[2022.04.03-20.55.03:370][  0]LogD3D11RHI:      Driver Date: 2-10-2022
[2022.04.03-20.55.03:370][  0]LogRHI: Texture pool is 5607 MB (70% of 8010 MB)
[2022.04.03-20.55.03:370][  0]LogD3D11RHI: Creating D3DDevice using adapter:
[2022.04.03-20.55.03:370][  0]LogD3D11RHI:     Description : NVIDIA GeForce RTX 2080 SUPER
[2022.04.03-20.55.03:370][  0]LogD3D11RHI:     VendorId    : 10de
[2022.04.03-20.55.03:370][  0]LogD3D11RHI:     DeviceId    : 1e81
[2022.04.03-20.55.03:370][  0]LogD3D11RHI:     SubSysId    : 13a010de
[2022.04.03-20.55.03:370][  0]LogD3D11RHI:     Revision    : 00a1
[2022.04.03-20.55.03:370][  0]LogD3D11RHI:     DedicatedVideoMemory : 8399093760 bytes
[2022.04.03-20.55.03:370][  0]LogD3D11RHI:     DedicatedSystemMemory : 0 bytes
[2022.04.03-20.55.03:370][  0]LogD3D11RHI:     SharedSystemMemory : 34322305024 bytes
[2022.04.03-20.55.03:370][  0]LogD3D11RHI:     AdapterLuid : 0 79422
[2022.04.03-20.55.03:430][  0]LogD3D11RHI: RHI has support for 64 bit atomics
[2022.04.03-20.55.03:430][  0]LogD3D11RHI: Async texture creation enabled
[2022.04.03-20.55.03:430][  0]LogD3D11RHI: Array index from any shader is supported
[2022.04.03-20.55.03:464][  0]LogD3D11RHI: GPU Timing Frequency: 1000.000000 (Debug: 2 1)
[2022.04.03-20.55.03:491][  0]LogRHI: GeForceNow SDK initialized: 1
[2022.04.03-20.55.03:746][  0]LogTargetPlatformManager: Display: Loaded TargetPlatform 'AllDesktop'
[2022.04.03-20.55.03:767][  0]LogTargetPlatformManager: Display: Loaded TargetPlatform 'Android'
[2022.04.03-20.55.03:767][  0]LogTargetPlatformManager: Display: Loaded TargetPlatform 'Android_ASTC'
[2022.04.03-20.55.03:767][  0]LogTargetPlatformManager: Display: Loaded TargetPlatform 'Android_DXT'
[2022.04.03-20.55.03:767][  0]LogTargetPlatformManager: Display: Loaded TargetPlatform 'Android_ETC2'
[2022.04.03-20.55.03:767][  0]LogTargetPlatformManager: Display: Loaded TargetPlatform 'AndroidClient'
[2022.04.03-20.55.03:767][  0]LogTargetPlatformManager: Display: Loaded TargetPlatform 'Android_ASTCClient'
[2022.04.03-20.55.03:767][  0]LogTargetPlatformManager: Display: Loaded TargetPlatform 'Android_DXTClient'
[2022.04.03-20.55.03:767][  0]LogTargetPlatformManager: Display: Loaded TargetPlatform 'Android_ETC2Client'
[2022.04.03-20.55.03:767][  0]LogTargetPlatformManager: Display: Loaded TargetPlatform 'Android_Multi'
[2022.04.03-20.55.03:767][  0]LogTargetPlatformManager: Display: Loaded TargetPlatform 'Android_MultiClient'
[2022.04.03-20.55.03:786][  0]LogTargetPlatformManager: Display: Loaded TargetPlatform 'IOSClient'
[2022.04.03-20.55.03:786][  0]LogTargetPlatformManager: Display: Loaded TargetPlatform 'IOS'
[2022.04.03-20.55.03:797][  0]LogTargetPlatformManager: Display: Loaded TargetPlatform 'Linux'
[2022.04.03-20.55.03:801][  0]LogTargetPlatformManager: Display: Loaded TargetPlatform 'LinuxNoEditor'
[2022.04.03-20.55.03:805][  0]LogTargetPlatformManager: Display: Loaded TargetPlatform 'LinuxClient'
[2022.04.03-20.55.03:810][  0]LogTargetPlatformManager: Display: Loaded TargetPlatform 'LinuxServer'
[2022.04.03-20.55.03:820][  0]LogTargetPlatformManager: Display: Loaded TargetPlatform 'LinuxAArch64NoEditor'
[2022.04.03-20.55.03:824][  0]LogTargetPlatformManager: Display: Loaded TargetPlatform 'LinuxAArch64Client'
[2022.04.03-20.55.03:830][  0]LogTargetPlatformManager: Display: Loaded TargetPlatform 'LinuxAArch64Server'
[2022.04.03-20.55.03:855][  0]LogTargetPlatformManager: Display: Loaded TargetPlatform 'Lumin'
[2022.04.03-20.55.03:855][  0]LogTargetPlatformManager: Display: Loaded TargetPlatform 'LuminClient'
[2022.04.03-20.55.03:863][  0]LogTargetPlatformManager: Display: Loaded TargetPlatform 'MacNoEditor'
[2022.04.03-20.55.03:867][  0]LogTargetPlatformManager: Display: Loaded TargetPlatform 'Mac'
[2022.04.03-20.55.03:872][  0]LogTargetPlatformManager: Display: Loaded TargetPlatform 'MacClient'
[2022.04.03-20.55.03:876][  0]LogTargetPlatformManager: Display: Loaded TargetPlatform 'MacServer'
[2022.04.03-20.55.03:886][  0]LogTargetPlatformManager: Display: Loaded TargetPlatform 'TVOSClient'
[2022.04.03-20.55.03:886][  0]LogTargetPlatformManager: Display: Loaded TargetPlatform 'TVOS'
[2022.04.03-20.55.03:895][  0]LogTargetPlatformManager: Display: Loaded TargetPlatform 'WindowsNoEditor'
[2022.04.03-20.55.03:900][  0]LogTargetPlatformManager: Display: Loaded TargetPlatform 'Windows'
[2022.04.03-20.55.03:904][  0]LogTargetPlatformManager: Display: Loaded TargetPlatform 'WindowsClient'
[2022.04.03-20.55.03:908][  0]LogTargetPlatformManager: Display: Loaded TargetPlatform 'WindowsServer'
[2022.04.03-20.55.03:908][  0]LogTargetPlatformManager: Display: Building Assets For Windows
[2022.04.03-20.55.03:915][  0]LogAudioDebug: Display: Lib vorbis DLL was dynamically loaded.
[2022.04.03-20.55.03:941][  0]LogTextureFormatOodle: Display: Oodle Texture 2.9.0 init RDO Off
[2022.04.03-20.55.03:973][  0]LogRendererCore: Ray tracing is disabled. Reason: r.RayTracing=0.
[2022.04.03-20.55.03:973][  0]LogShaderCompilers: Guid format shader working directory is -12 characters bigger than the processId version (C:/Users/mckre/Documents/GitHub/HauntedHouse/HauntedHouse/Intermediate/Shaders/WorkingDirectory/18036/).
[2022.04.03-20.55.03:974][  0]LogShaderCompilers: Cleaned the shader compiler working directory 'C:/Users/mckre/AppData/Local/Temp/UnrealShaderWorkingDir/B30F6F304D10A47DE9F4CFB4216A50D2/'.
[2022.04.03-20.55.03:974][  0]LogXGEController: Cannot use XGE Controller as Incredibuild is not installed on this machine.
[2022.04.03-20.55.03:974][  0]LogShaderCompilers: Cannot use XGE Shader Compiler as Incredibuild is not installed on this machine.
[2022.04.03-20.55.03:974][  0]LogShaderCompilers: Display: Using Local Shader Compiler.
[2022.04.03-20.55.04:572][  0]LogDerivedDataCache: Display: Max Cache Size: 512 MB
[2022.04.03-20.55.04:620][  0]LogDerivedDataCache: Loaded boot cache 0.05s 111MB C:/Users/mckre/AppData/Local/UnrealEngine/4.27/DerivedDataCache/Boot.ddc.
[2022.04.03-20.55.04:620][  0]LogDerivedDataCache: Display: Loaded Boot cache: C:/Users/mckre/AppData/Local/UnrealEngine/4.27/DerivedDataCache/Boot.ddc
[2022.04.03-20.55.04:620][  0]LogDerivedDataCache: FDerivedDataBackendGraph:  Pak pak cache file C:/Users/mckre/Documents/GitHub/HauntedHouse/HauntedHouse/DerivedDataCache/DDC.ddp not found, will not use a pak cache.
[2022.04.03-20.55.04:620][  0]LogDerivedDataCache: Unable to find inner node Pak for hierarchical cache Hierarchy.
[2022.04.03-20.55.04:620][  0]LogDerivedDataCache: FDerivedDataBackendGraph:  CompressedPak pak cache file C:/Users/mckre/Documents/GitHub/HauntedHouse/HauntedHouse/DerivedDataCache/Compressed.ddp not found, will not use a pak cache.
[2022.04.03-20.55.04:620][  0]LogDerivedDataCache: Unable to find inner node CompressedPak for hierarchical cache Hierarchy.
[2022.04.03-20.55.04:636][  0]LogDerivedDataCache: Display: Pak cache opened for reading ../../../Engine/DerivedDataCache/Compressed.ddp.
[2022.04.03-20.55.04:636][  0]LogDerivedDataCache: FDerivedDataBackendGraph:  EnterprisePak pak cache file ../../../Enterprise/DerivedDataCache/Compressed.ddp not found, will not use a pak cache.
[2022.04.03-20.55.04:636][  0]LogDerivedDataCache: Unable to find inner node EnterprisePak for hierarchical cache Hierarchy.
[2022.04.03-20.55.04:644][  0]LogDerivedDataCache: Speed tests for C:/Users/mckre/AppData/Local/UnrealEngine/Common/DerivedDataCache took 0.01 seconds
[2022.04.03-20.55.04:644][  0]LogDerivedDataCache: Display: Performance to C:/Users/mckre/AppData/Local/UnrealEngine/Common/DerivedDataCache: Latency=0.07ms. RandomReadSpeed=886.68MBs, RandomWriteSpeed=170.92MBs. Assigned SpeedClass 'Local'
[2022.04.03-20.55.04:644][  0]LogDerivedDataCache: Using Local data cache path C:/Users/mckre/AppData/Local/UnrealEngine/Common/DerivedDataCache: Writable
[2022.04.03-20.55.04:645][  0]LogDerivedDataCache: Shared data cache path not found in *engine.ini, will not use an Shared cache.
[2022.04.03-20.55.04:645][  0]LogDerivedDataCache: Unable to find inner node Shared for hierarchical cache Hierarchy.
[2022.04.03-20.55.04:684][  0]LogSlate: Using FreeType 2.10.0
[2022.04.03-20.55.04:684][  0]LogSlate: SlateFontServices - WITH_FREETYPE: 1, WITH_HARFBUZZ: 1
[2022.04.03-20.55.04:707][  0]LogAssetRegistry: FAssetRegistry took 0.0024 seconds to start up
[2022.04.03-20.55.04:923][  0]LogInit: Selected Device Profile: [Windows]
[2022.04.03-20.55.04:923][  0]LogInit: Active device profile: [00000274177EE600][00000274174B5600 49] Windows
[2022.04.03-20.55.04:923][  0]LogInit: Profiles: [00000274177EE600][00000274174B5600 49] Windows, [00000274177A0200][00000274174BD780 49] WindowsNoEditor, [00000274177EED00][00000274174C1900 49] WindowsServer, [00000274177A2A00][00000274174C5A80 49] WindowsClient, [00000274177EF200][00000274174B9BC0 49] IOS, [00000274177A2800][00000274174C8180 49] iPadAir, [00000274177ECE00][00000274174CC2C0 49] iPadAir2, [0000027417742000][00000274174D8580 49] IPadPro, [0000027417742100][00000274174D45C0 49] iPadAir3, [00000274177EF100][00000274174DC740 49] iPadAir4, [0000027417742400][00000274174E08C0 49] iPadMini2, [00000274177ED000][00000274174E4A40 49] iPadMini3, [0000027417741D00][00000274174E8BC0 49] iPadMini4, [00000274177EF400][00000274174ECD40 49] iPadMini5, [0000027417791900][00000274174F5000 49] iPhone6, [0000027417791A00][00000274174F1040 49] iPodTouch6, [0000027417741600][00000274174FD300 49] iPhone7, [0000027417741800][00000274174F9340 49] iPodTouch7, [0000027417791B00][00000274175014C0 49] iPhone5S, [0000027417741E00][0000027417505640 49] iPhone6Plus, [0000027417791E00][00000274175097C0 49] iPhone6S, [0000027417740100][000002741750D940 49] iPhone6SPlus, [0000027417793D00][0000027417511AC0 49] iPhone7Plus, [0000027417742300][00000274175140C0 49] iPhoneSE, [0000027417793A00][00000274174D0200 49] iPhone8, [0000027417742200][0000027417518340 49] iPhone8Plus, [0000027417790400][000002741751C480 49] iPhoneX, [0000027417743000][00000274175205C0 49] iPhoneXS, [0000027417792900][0000027417528740 49] iPhoneXSMax, [0000027417740500][000002741752C8C0 49] iPhoneXR, [0000027417791200][0000027417530A40 49] iPhone11, [0000027417741100][0000027417534BC0 49] iPhone11Pro, [0000027417790E00][0000027417538D40 49] iPhone11ProMax, [0000027417742500][000002741753CEC0 49] iPhoneSE2, [0000027417791600][0000027417541040 49] iPhone12Mini, [0000027417740400][00000274175451C0 49] iPhone12, [0000027417792E00][0000027417549340 49] iPhone12Pro, [0000027417743F00][00000274175574C0 49] iPhone12ProMax, [0000027417791C00][000002741755B640 49] iPadPro105, [0000027417740300][000002741755F7C0 49] iPadPro129, [0000027417790600][0000027417563940 49] iPadPro97, [0000027417743300][0000027417567AC0 49] iPadPro2_129, [0000027417790200][000002741756A0C0 49] iPad5, [0000027417741400][000002741756E240 49] iPad6, [0000027417793900][0000027417524380 49] iPad7, [0000027417741F00][00000274175724C0 49] iPad8, [0000027417858300][0000027417576600 49] iPadPro11, [00000274177A1900][000002741757A740 49] iPadPro2_11, [0000027417858A00][00000274185948C0 49] iPadPro3_129, [00000274177A3100][0000027418598A40 49] iPadPro4_129, [0000027417859A00][000002741859CBC0 49] AppleTV, [00000274177A2700][00000274185A0D40 49] AppleTV4K, [0000027417858D00][00000274185A4EC0 49] TVOS, [0000027417792300][00000274185A9040 49] Mac, [0000027417740700][00000274185AD1C0 49] MacClient, [0000027417790700][00000274185B1340 49] MacNoEditor, [0000027417741300][00000274185B54C0 49] MacServer, [0000027417791800][00000274185B9640 49] Linux, [0000027417741A00][00000274185BD7C0 49] LinuxAArch64, [0000027417793700][00000274185C1940 49] LinuxNoEditor, [0000027417743400][00000274185C5AC0 49] LinuxAArch64NoEditor, [0000027417793400][00000274185C80C0 49] LinuxClient, [0000027417742A00][000002741862E240 49] LinuxAArch64Client, [0000027417791100][00000274186323C0 49] LinuxServer, [0000027417743C00][0000027418636540 49] LinuxAArch64Server, [0000027417792000][0000027418590680 49] Android, [0000027417743500][000002741863A7C0 49] Android_Low, [0000027417793C00][000002741863E900 49] Android_Mid, [0000027417743800][0000027418646A80 49] Android_High, [0000027417791000][000002741864AC00 49] Android_Default, [0000027417742B00][000002741864ED80 49] Android_Adreno4xx, [0000027417793100][0000027418652F00 49] Android_Adreno5xx_Low, [0000027417743600][00000274186FD080 49] Android_Adreno5xx, [0000027417792A00][0000027410019200 49] Android_Adreno6xx, [0000027417743200][000002740CD1F380 49] Android_Adreno6xx_Vulkan, [0000027417859200][000002740CD23500 49] Android_Mali_T6xx, [0000027417742C00][000002740CD27680 49] Android_Mali_T7xx, [0000027417858400][000002741001D800 49] Android_Mali_T8xx, [0000027417743E00][000002740CD3B980 49] Android_Mali_G71, [0000027417793300][000002740D267B00 49] Android_Mali_G72, [0000027417742800][000002740CD48100 49] Android_Mali_G72_Vulkan, [0000027417791400][000002740CD4C280 49] Android_Mali_G76, [0000027417742900][000002740CD5A400 49] Android_Mali_G76_Vulkan, [0000027417792200][000002740CD5E580 49] Android_Mali_G77, [0000027417741500][000002740CD62700 49] Android_Mali_G77_Vulkan, [0000027417792400][0000027418642840 49] Android_Mali_G78, [0000027417740800][000002740CA68980 49] Android_Mali_G78_Vulkan, [0000027417790900][0000027418958AC0 49] Android_Mali_G710, [0000027417740F00][0000027418960C40 49] Android_Mali_G710_Vulkan, [0000027417792700][0000027418970DC0 49] Android_Vulkan_SM5, [0000027417743A00][0000027418974F40 49] Android_PowerVR_G6xxx, [0000027417792B00][00000274189790C0 49] Android_PowerVR_GT7xxx, [0000027417741700][000002741897D240 49] Android_PowerVR_GE8xxx, [0000027417793E00][000002741898D3C0 49] Android_PowerVR_GM9xxx, [0000027417742700][0000027419349540 49] Android_PowerVR_GM9xxx_Vulkan, [0000027417791300][000002741934D6C0 49] Android_TegraK1, [00000274177A1600][0000027419351840 49] Android_Unknown_Vulkan, [0000027417793500][00000274193559C0 49] Lumin, [00000274177EFB00][0000027419365B40 49] Lumin_Desktop, [0000027417740B00][0000027419368140 49] HoloLens, 
[2022.04.03-20.55.05:052][  0]LogMeshReduction: Using QuadricMeshReduction for automatic static mesh reduction
[2022.04.03-20.55.05:052][  0]LogMeshReduction: Using SimplygonMeshReduction for automatic skeletal mesh reduction
[2022.04.03-20.55.05:052][  0]LogMeshReduction: Using ProxyLODMeshReduction for automatic mesh merging
[2022.04.03-20.55.05:052][  0]LogMeshReduction: No distributed automatic mesh merging module available
[2022.04.03-20.55.05:052][  0]LogMeshMerging: No distributed automatic mesh merging module available
[2022.04.03-20.55.05:068][  0]LogNetVersion: HauntedHouse 1.0.0, NetCL: 17155196, EngineNetVer: 17, GameNetVer: 0 (Checksum: 1676586661)
[2022.04.03-20.55.05:417][  0]LogTexture: Default maximum texture size for cubemaps generated from long-lat sources has been changed from 512 to unlimited. In order to preserve old behaiour for '/Engine/MapTemplates/Sky/DaylightAmbientCubemap.DaylightAmbientCubemap', its maximum texture size has been explicitly set to 512.
[2022.04.03-20.55.05:467][  0]LogUObjectArray: 16744 objects as part of root set at end of initial load.
[2022.04.03-20.55.05:467][  0]LogUObjectAllocator: 4180944 out of 0 bytes used by permanent object pool.
[2022.04.03-20.55.05:467][  0]LogUObjectArray: CloseDisregardForGC: 0/0 objects in disregard for GC pool
[2022.04.03-20.55.05:703][  0]LogUdpMessaging: Initializing bridge on interface 0.0.0.0:0 to multicast group 230.0.0.1:6666.
[2022.04.03-20.55.05:709][  0]LogTcpMessaging: Initializing TcpMessaging bridge
[2022.04.03-20.55.06:006][  0]LogOpenImageDenoise: OIDN starting up
[2022.04.03-20.55.06:019][  0]SourceControl: Source control is disabled
[2022.04.03-20.55.06:019][  0]SourceControl: Source control is disabled
[2022.04.03-20.55.06:026][  0]LogUProjectInfo: Found projects:
[2022.04.03-20.55.06:074][  0]LogAudioCaptureCore: Display: No Audio Capture implementations found. Audio input will be silent.
[2022.04.03-20.55.06:074][  0]LogAudioCaptureCore: Display: No Audio Capture implementations found. Audio input will be silent.
[2022.04.03-20.55.06:130][  0]LogCollectionManager: Loaded 0 collections in 0.000806 seconds
[2022.04.03-20.55.06:191][  0]LogFileCache: Scanning file cache for directory 'C:/Users/mckre/Documents/GitHub/HauntedHouse/HauntedHouse/Saved/Collections/' took 0.00s
[2022.04.03-20.55.06:191][  0]LogFileCache: Scanning file cache for directory 'C:/Users/mckre/Documents/GitHub/HauntedHouse/HauntedHouse/Content/Developers/mckre/Collections/' took 0.00s
[2022.04.03-20.55.06:191][  0]LogFileCache: Scanning file cache for directory 'C:/Users/mckre/Documents/GitHub/HauntedHouse/HauntedHouse/Content/Collections/' took 0.00s
[2022.04.03-20.55.06:191][  0]LogEngine: Initializing Engine...
[2022.04.03-20.55.06:192][  0]LogStats: UGameplayTagsManager::InitializeManager -  0.000 s
[2022.04.03-20.55.06:294][  0]LogInit: Initializing FReadOnlyCVARCache
[2022.04.03-20.55.06:304][  0]LogAIModule: Creating AISystem for world Untitled
[2022.04.03-20.55.06:311][  0]LogAudio: Display: Initializing Audio Device Manager...
[2022.04.03-20.55.06:314][  0]LogAudio: Display: Loading Default Audio Settings Objects...
[2022.04.03-20.55.06:315][  0]LogAudio: Display: No default SoundConcurrencyObject specified (or failed to load).
[2022.04.03-20.55.06:315][  0]LogAudio: Display: Audio Device Manager Initialized
[2022.04.03-20.55.06:315][  0]LogAudio: Display: Creating Audio Device:                 Id: 1, Scope: Shared, Realtime: True
[2022.04.03-20.55.06:315][  0]LogAudioMixer: Display: Audio Mixer Platform Settings:
[2022.04.03-20.55.06:315][  0]LogAudioMixer: Display: 	Sample Rate:						  48000
[2022.04.03-20.55.06:315][  0]LogAudioMixer: Display: 	Callback Buffer Frame Size Requested: 1024
[2022.04.03-20.55.06:315][  0]LogAudioMixer: Display: 	Callback Buffer Frame Size To Use:	  1024
[2022.04.03-20.55.06:315][  0]LogAudioMixer: Display: 	Number of buffers to queue:			  2
[2022.04.03-20.55.06:315][  0]LogAudioMixer: Display: 	Max Channels (voices):				  32
[2022.04.03-20.55.06:315][  0]LogAudioMixer: Display: 	Number of Async Source Workers:		  0
[2022.04.03-20.55.06:315][  0]LogAudio: Display: AudioDevice MaxSources: 32
[2022.04.03-20.55.06:315][  0]LogAudio: Display: Audio Spatialization Plugin: None (built-in).
[2022.04.03-20.55.06:315][  0]LogAudio: Display: Audio Reverb Plugin: None (built-in).
[2022.04.03-20.55.06:315][  0]LogAudio: Display: Audio Occlusion Plugin: None (built-in).
[2022.04.03-20.55.06:315][  0]LogAudioMixer: Display: Initializing audio mixer.
[2022.04.03-20.55.06:332][  0]LogAudioMixer: Display: 0: FrontLeft
[2022.04.03-20.55.06:332][  0]LogAudioMixer: Display: 1: FrontRight
[2022.04.03-20.55.06:419][  0]LogAudioMixer: Display: Using Audio Device Headphones (2- Arctis 7 Game)
[2022.04.03-20.55.06:421][  0]LogAudioMixer: Display: Initializing Sound Submixes...
[2022.04.03-20.55.06:424][  0]LogAudioMixer: Display: Creating Master Submix 'MasterSubmixDefault'
[2022.04.03-20.55.06:424][  0]LogAudioMixer: Display: Creating Master Submix 'MasterReverbSubmixDefault'
[2022.04.03-20.55.06:425][  0]LogAudioMixer: Display: Creating Master Submix 'MasterEQSubmixDefault'
[2022.04.03-20.55.06:425][  0]LogAudioMixer: FMixerPlatformXAudio2::StartAudioStream() called
[2022.04.03-20.55.06:425][  0]LogAudioMixer: Display: Output buffers initialized: Frames=1024, Channels=2, Samples=2048
[2022.04.03-20.55.06:426][  0]LogAudioMixer: Display: Starting AudioMixerPlatformInterface::RunInternal()
[2022.04.03-20.55.06:426][  0]LogAudioMixer: Display: FMixerPlatformXAudio2::SubmitBuffer() called for the first time
[2022.04.03-20.55.06:426][  0]LogInit: FAudioDevice initialized.
[2022.04.03-20.55.06:426][  0]LogAudio: Display: Audio Device (ID: 1) registered with world 'Untitled'.
[2022.04.03-20.55.06:426][  0]LogNetVersion: Set ProjectVersion to 1.0.0.0. Version Checksum will be recalculated on next use.
[2022.04.03-20.55.06:480][  0]LogDerivedDataCache: Saved boot cache 0.05s 86MB C:/Users/mckre/AppData/Local/UnrealEngine/4.27/DerivedDataCache/Boot.ddc.
[2022.04.03-20.55.06:480][  0]LogInit: Texture streaming: Enabled
[2022.04.03-20.55.06:493][  0]LogAnalytics: Display: [UEEditor.Rocket.Release] APIServer = https://datarouter.ol.epicgames.com/. AppVersion = 4.27.2-18319896+++UE4+Release-4.27
[2022.04.03-20.55.06:498][  0]LogEngineSessionManager: EngineSessionManager initialized
[2022.04.03-20.55.06:498][  0]LogEditorSessionSummary: Verbose: Initializing EditorSessionSummaryWriter for editor session tracking
[2022.04.03-20.55.06:501][  0]LogEditorSessionSummary: EditorSessionSummaryWriter initialized
[2022.04.03-20.55.06:525][  0]LogInit: Transaction tracking system initialized
[2022.04.03-20.55.06:546][  0]BlueprintLog: New page: Editor Load
[2022.04.03-20.55.06:618][  0]LocalizationService: Localization service is disabled
[2022.04.03-20.55.06:640][  0]TimingProfiler: Initialize
[2022.04.03-20.55.06:640][  0]TimingProfiler: OnSessionChanged
[2022.04.03-20.55.06:640][  0]LoadingProfiler: Initialize
[2022.04.03-20.55.06:640][  0]LoadingProfiler: OnSessionChanged
[2022.04.03-20.55.06:640][  0]NetworkingProfiler: Initialize
[2022.04.03-20.55.06:641][  0]NetworkingProfiler: OnSessionChanged
[2022.04.03-20.55.06:641][  0]MemoryProfiler: Initialize
[2022.04.03-20.55.06:641][  0]MemoryProfiler: OnSessionChanged
[2022.04.03-20.55.06:767][  0]LogCook: Display: CookSettings for Memory: MemoryMaxUsedVirtual 0MiB, MemoryMaxUsedPhysical 16384MiB, MemoryMinFreeVirtual 0MiB, MemoryMinFreePhysical 1024MiB
[2022.04.03-20.55.06:767][  0]LogCook: Display: Mobile HDR setting 1
[2022.04.03-20.55.06:884][  0]LogFileCache: Scanning file cache for directory 'C:/Users/mckre/Documents/GitHub/HauntedHouse/HauntedHouse/Content/' took 0.10s
[2022.04.03-20.55.06:884][  0]LogInit: Display: Engine is initialized. Leaving FEngineLoop::Init()
[2022.04.03-20.55.06:887][  0]SourceControl: Source control is disabled
[2022.04.03-20.55.06:887][  0]LogUnrealEdMisc: Loading editor; pre map load, took 5.163
[2022.04.03-20.55.06:887][  0]Cmd: MAP LOAD FILE="C:/Users/mckre/Documents/GitHub/HauntedHouse/HauntedHouse/Content/ThirdPersonCPP/Maps/ThirdPersonExampleMap.umap" TEMPLATE=0 SHOWPROGRESS=1 FEATURELEVEL=3
[2022.04.03-20.55.06:887][  0]LightingResults: New page: Lighting Build
[2022.04.03-20.55.06:888][  0]LogWorld: UWorld::CleanupWorld for Untitled, bSessionEnded=true, bCleanupResources=true
[2022.04.03-20.55.06:888][  0]LogSlate: InvalidateAllWidgets triggered.  All widgets were invalidated
[2022.04.03-20.55.06:888][  0]MapCheck: New page: Map Check
[2022.04.03-20.55.06:888][  0]LightingResults: New page: Lighting Build
[2022.04.03-20.55.06:892][  0]LogAudio: Display: Audio Device unregistered from world 'None'.
[2022.04.03-20.55.06:894][  0]LogUObjectHash: Compacting FUObjectHashTables data took   0.70ms
[2022.04.03-20.55.06:949][  0]LogAudio: Display: Audio Device (ID: 1) registered with world 'ThirdPersonExampleMap'.
[2022.04.03-20.55.06:950][  0]LogAIModule: Creating AISystem for world ThirdPersonExampleMap
[2022.04.03-20.55.06:954][  0]LogEditorServer: Finished looking for orphan Actors (0.000 secs)
[2022.04.03-20.55.06:960][  0]LogUObjectHash: Compacting FUObjectHashTables data took   0.72ms
[2022.04.03-20.55.06:961][  0]Cmd: MAP CHECKDEP NOCLEARLOG
[2022.04.03-20.55.06:961][  0]MapCheck: Map check complete: 0 Error(s), 0 Warning(s), took 0.329ms to complete.
[2022.04.03-20.55.06:961][  0]LogFileHelpers: Loading map 'ThirdPersonExampleMap' took 0.074
[2022.04.03-20.55.06:964][  0]LogUnrealEdMisc: Total Editor Startup Time, took 5.240
[2022.04.03-20.55.07:070][  0]LogSlate: Updating window title bar state: overlay mode, drag disabled, window buttons hidden, title bar hidden
[2022.04.03-20.55.07:075][  0]LogSlate: Updating window title bar state: overlay mode, drag disabled, window buttons hidden, title bar hidden
[2022.04.03-20.55.07:080][  0]LogSlate: Updating window title bar state: overlay mode, drag disabled, window buttons hidden, title bar hidden
[2022.04.03-20.55.07:085][  0]LogSlate: Updating window title bar state: overlay mode, drag disabled, window buttons hidden, title bar hidden
[2022.04.03-20.55.07:096][  0]LogNativeClassHierarchy: Verbose: Native class hierarchy populated in 0.0081 seconds. Added 3329 classes and 720 folders.
[2022.04.03-20.55.07:098][  0]LogNativeClassHierarchy: Verbose: Native class hierarchy updated for 'WidgetCarousel' in 0.0002 seconds. Added 0 classes and 0 folders.
[2022.04.03-20.55.07:102][  0]LogPakFile: PakFile PrimaryIndexSize=187
[2022.04.03-20.55.07:102][  0]LogPakFile: PakFile PathHashIndexSize=101
[2022.04.03-20.55.07:102][  0]LogPakFile: PakFile FullDirectoryIndexSize=148
[2022.04.03-20.55.07:102][  0]LogShaderLibrary: Display: ShaderCodeLibraryPakFileMountedCallback: PakFile 'D:/Epic Games/UE_4.27/FeaturePacks/FP_FirstPerson.upack' (chunk index -1, root 'root:/') mounted
[2022.04.03-20.55.07:102][  0]LogShaderLibrary: Display: ShaderCodeLibraryPakFileMountedCallback: pending pak file info (ChunkID:-1 Root:root:/ File:D:/Epic Games/UE_4.27/FeaturePacks/FP_FirstPerson.upack)
[2022.04.03-20.55.07:102][  0]LogPakFile: OnPakFileMounted2Time == 0.000048
[2022.04.03-20.55.07:103][  0]LogPakFile: PakFile PrimaryIndexSize=189
[2022.04.03-20.55.07:103][  0]LogPakFile: PakFile PathHashIndexSize=101
[2022.04.03-20.55.07:103][  0]LogPakFile: PakFile FullDirectoryIndexSize=152
[2022.04.03-20.55.07:103][  0]LogShaderLibrary: Display: ShaderCodeLibraryPakFileMountedCallback: PakFile 'D:/Epic Games/UE_4.27/FeaturePacks/FP_FirstPersonBP.upack' (chunk index -1, root 'root:/') mounted
[2022.04.03-20.55.07:103][  0]LogShaderLibrary: Display: ShaderCodeLibraryPakFileMountedCallback: pending pak file info (ChunkID:-1 Root:root:/ File:D:/Epic Games/UE_4.27/FeaturePacks/FP_FirstPersonBP.upack)
[2022.04.03-20.55.07:103][  0]LogPakFile: OnPakFileMounted2Time == 0.000030
[2022.04.03-20.55.07:104][  0]LogPakFile: PakFile PrimaryIndexSize=191
[2022.04.03-20.55.07:104][  0]LogPakFile: PakFile PathHashIndexSize=101
[2022.04.03-20.55.07:104][  0]LogPakFile: PakFile FullDirectoryIndexSize=160
[2022.04.03-20.55.07:104][  0]LogShaderLibrary: Display: ShaderCodeLibraryPakFileMountedCallback: PakFile 'D:/Epic Games/UE_4.27/FeaturePacks/MobileStarterContent.upack' (chunk index -1, root 'root:/') mounted
[2022.04.03-20.55.07:104][  0]LogShaderLibrary: Display: ShaderCodeLibraryPakFileMountedCallback: pending pak file info (ChunkID:-1 Root:root:/ File:D:/Epic Games/UE_4.27/FeaturePacks/MobileStarterContent.upack)
[2022.04.03-20.55.07:104][  0]LogPakFile: OnPakFileMounted2Time == 0.000028
[2022.04.03-20.55.07:105][  0]LogPakFile: PakFile PrimaryIndexSize=185
[2022.04.03-20.55.07:105][  0]LogPakFile: PakFile PathHashIndexSize=101
[2022.04.03-20.55.07:105][  0]LogPakFile: PakFile FullDirectoryIndexSize=148
[2022.04.03-20.55.07:105][  0]LogShaderLibrary: Display: ShaderCodeLibraryPakFileMountedCallback: PakFile 'D:/Epic Games/UE_4.27/FeaturePacks/StarterContent.upack' (chunk index -1, root 'root:/') mounted
[2022.04.03-20.55.07:105][  0]LogShaderLibrary: Display: ShaderCodeLibraryPakFileMountedCallback: pending pak file info (ChunkID:-1 Root:root:/ File:D:/Epic Games/UE_4.27/FeaturePacks/StarterContent.upack)
[2022.04.03-20.55.07:105][  0]LogPakFile: OnPakFileMounted2Time == 0.000028
[2022.04.03-20.55.07:105][  0]LogPakFile: PakFile PrimaryIndexSize=190
[2022.04.03-20.55.07:106][  0]LogPakFile: PakFile PathHashIndexSize=101
[2022.04.03-20.55.07:106][  0]LogPakFile: PakFile FullDirectoryIndexSize=154
[2022.04.03-20.55.07:106][  0]LogShaderLibrary: Display: ShaderCodeLibraryPakFileMountedCallback: PakFile 'D:/Epic Games/UE_4.27/FeaturePacks/TP_2DSideScroller.upack' (chunk index -1, root 'root:/') mounted
[2022.04.03-20.55.07:106][  0]LogShaderLibrary: Display: ShaderCodeLibraryPakFileMountedCallback: pending pak file info (ChunkID:-1 Root:root:/ File:D:/Epic Games/UE_4.27/FeaturePacks/TP_2DSideScroller.upack)
[2022.04.03-20.55.07:106][  0]LogPakFile: OnPakFileMounted2Time == 0.000027
[2022.04.03-20.55.07:106][  0]LogPakFile: PakFile PrimaryIndexSize=192
[2022.04.03-20.55.07:106][  0]LogPakFile: PakFile PathHashIndexSize=101
[2022.04.03-20.55.07:106][  0]LogPakFile: PakFile FullDirectoryIndexSize=158
[2022.04.03-20.55.07:106][  0]LogShaderLibrary: Display: ShaderCodeLibraryPakFileMountedCallback: PakFile 'D:/Epic Games/UE_4.27/FeaturePacks/TP_2DSideScrollerBP.upack' (chunk index -1, root 'root:/') mounted
[2022.04.03-20.55.07:106][  0]LogShaderLibrary: Display: ShaderCodeLibraryPakFileMountedCallback: pending pak file info (ChunkID:-1 Root:root:/ File:D:/Epic Games/UE_4.27/FeaturePacks/TP_2DSideScrollerBP.upack)
[2022.04.03-20.55.07:106][  0]LogPakFile: OnPakFileMounted2Time == 0.000027
[2022.04.03-20.55.07:107][  0]LogPakFile: PakFile PrimaryIndexSize=182
[2022.04.03-20.55.07:107][  0]LogPakFile: PakFile PathHashIndexSize=101
[2022.04.03-20.55.07:107][  0]LogPakFile: PakFile FullDirectoryIndexSize=138
[2022.04.03-20.55.07:107][  0]LogShaderLibrary: Display: ShaderCodeLibraryPakFileMountedCallback: PakFile 'D:/Epic Games/UE_4.27/FeaturePacks/TP_Flying.upack' (chunk index -1, root 'root:/') mounted
[2022.04.03-20.55.07:107][  0]LogShaderLibrary: Display: ShaderCodeLibraryPakFileMountedCallback: pending pak file info (ChunkID:-1 Root:root:/ File:D:/Epic Games/UE_4.27/FeaturePacks/TP_Flying.upack)
[2022.04.03-20.55.07:107][  0]LogPakFile: OnPakFileMounted2Time == 0.000027
[2022.04.03-20.55.07:108][  0]LogPakFile: PakFile PrimaryIndexSize=184
[2022.04.03-20.55.07:108][  0]LogPakFile: PakFile PathHashIndexSize=101
[2022.04.03-20.55.07:108][  0]LogPakFile: PakFile FullDirectoryIndexSize=142
[2022.04.03-20.55.07:108][  0]LogShaderLibrary: Display: ShaderCodeLibraryPakFileMountedCallback: PakFile 'D:/Epic Games/UE_4.27/FeaturePacks/TP_FlyingBP.upack' (chunk index -1, root 'root:/') mounted
[2022.04.03-20.55.07:108][  0]LogShaderLibrary: Display: ShaderCodeLibraryPakFileMountedCallback: pending pak file info (ChunkID:-1 Root:root:/ File:D:/Epic Games/UE_4.27/FeaturePacks/TP_FlyingBP.upack)
[2022.04.03-20.55.07:108][  0]LogPakFile: OnPakFileMounted2Time == 0.000027
[2022.04.03-20.55.07:109][  0]LogPakFile: PakFile PrimaryIndexSize=188
[2022.04.03-20.55.07:109][  0]LogPakFile: PakFile PathHashIndexSize=101
[2022.04.03-20.55.07:109][  0]LogPakFile: PakFile FullDirectoryIndexSize=150
[2022.04.03-20.55.07:109][  0]LogShaderLibrary: Display: ShaderCodeLibraryPakFileMountedCallback: PakFile 'D:/Epic Games/UE_4.27/FeaturePacks/TP_HandheldARBP.upack' (chunk index -1, root 'root:/') mounted
[2022.04.03-20.55.07:109][  0]LogShaderLibrary: Display: ShaderCodeLibraryPakFileMountedCallback: pending pak file info (ChunkID:-1 Root:root:/ File:D:/Epic Games/UE_4.27/FeaturePacks/TP_HandheldARBP.upack)
[2022.04.03-20.55.07:109][  0]LogPakFile: OnPakFileMounted2Time == 0.000027
[2022.04.03-20.55.07:110][  0]LogPakFile: PakFile PrimaryIndexSize=182
[2022.04.03-20.55.07:110][  0]LogPakFile: PakFile PathHashIndexSize=101
[2022.04.03-20.55.07:110][  0]LogPakFile: PakFile FullDirectoryIndexSize=138
[2022.04.03-20.55.07:110][  0]LogShaderLibrary: Display: ShaderCodeLibraryPakFileMountedCallback: PakFile 'D:/Epic Games/UE_4.27/FeaturePacks/TP_Puzzle.upack' (chunk index -1, root 'root:/') mounted
[2022.04.03-20.55.07:110][  0]LogShaderLibrary: Display: ShaderCodeLibraryPakFileMountedCallback: pending pak file info (ChunkID:-1 Root:root:/ File:D:/Epic Games/UE_4.27/FeaturePacks/TP_Puzzle.upack)
[2022.04.03-20.55.07:110][  0]LogPakFile: OnPakFileMounted2Time == 0.000027
[2022.04.03-20.55.07:110][  0]LogPakFile: PakFile PrimaryIndexSize=184
[2022.04.03-20.55.07:110][  0]LogPakFile: PakFile PathHashIndexSize=101
[2022.04.03-20.55.07:110][  0]LogPakFile: PakFile FullDirectoryIndexSize=142
[2022.04.03-20.55.07:110][  0]LogShaderLibrary: Display: ShaderCodeLibraryPakFileMountedCallback: PakFile 'D:/Epic Games/UE_4.27/FeaturePacks/TP_PuzzleBP.upack' (chunk index -1, root 'root:/') mounted
[2022.04.03-20.55.07:110][  0]LogShaderLibrary: Display: ShaderCodeLibraryPakFileMountedCallback: pending pak file info (ChunkID:-1 Root:root:/ File:D:/Epic Games/UE_4.27/FeaturePacks/TP_PuzzleBP.upack)
[2022.04.03-20.55.07:110][  0]LogPakFile: OnPakFileMounted2Time == 0.000027
[2022.04.03-20.55.07:111][  0]LogPakFile: PakFile PrimaryIndexSize=183
[2022.04.03-20.55.07:111][  0]LogPakFile: PakFile PathHashIndexSize=101
[2022.04.03-20.55.07:111][  0]LogPakFile: PakFile FullDirectoryIndexSize=140
[2022.04.03-20.55.07:111][  0]LogShaderLibrary: Display: ShaderCodeLibraryPakFileMountedCallback: PakFile 'D:/Epic Games/UE_4.27/FeaturePacks/TP_Rolling.upack' (chunk index -1, root 'root:/') mounted
[2022.04.03-20.55.07:111][  0]LogShaderLibrary: Display: ShaderCodeLibraryPakFileMountedCallback: pending pak file info (ChunkID:-1 Root:root:/ File:D:/Epic Games/UE_4.27/FeaturePacks/TP_Rolling.upack)
[2022.04.03-20.55.07:111][  0]LogPakFile: OnPakFileMounted2Time == 0.000027
[2022.04.03-20.55.07:112][  0]LogPakFile: PakFile PrimaryIndexSize=185
[2022.04.03-20.55.07:112][  0]LogPakFile: PakFile PathHashIndexSize=101
[2022.04.03-20.55.07:112][  0]LogPakFile: PakFile FullDirectoryIndexSize=144
[2022.04.03-20.55.07:112][  0]LogShaderLibrary: Display: ShaderCodeLibraryPakFileMountedCallback: PakFile 'D:/Epic Games/UE_4.27/FeaturePacks/TP_RollingBP.upack' (chunk index -1, root 'root:/') mounted
[2022.04.03-20.55.07:112][  0]LogShaderLibrary: Display: ShaderCodeLibraryPakFileMountedCallback: pending pak file info (ChunkID:-1 Root:root:/ File:D:/Epic Games/UE_4.27/FeaturePacks/TP_RollingBP.upack)
[2022.04.03-20.55.07:112][  0]LogPakFile: OnPakFileMounted2Time == 0.000026
[2022.04.03-20.55.07:113][  0]LogPakFile: PakFile PrimaryIndexSize=188
[2022.04.03-20.55.07:113][  0]LogPakFile: PakFile PathHashIndexSize=101
[2022.04.03-20.55.07:113][  0]LogPakFile: PakFile FullDirectoryIndexSize=150
[2022.04.03-20.55.07:113][  0]LogShaderLibrary: Display: ShaderCodeLibraryPakFileMountedCallback: PakFile 'D:/Epic Games/UE_4.27/FeaturePacks/TP_SideScroller.upack' (chunk index -1, root 'root:/') mounted
[2022.04.03-20.55.07:113][  0]LogShaderLibrary: Display: ShaderCodeLibraryPakFileMountedCallback: pending pak file info (ChunkID:-1 Root:root:/ File:D:/Epic Games/UE_4.27/FeaturePacks/TP_SideScroller.upack)
[2022.04.03-20.55.07:113][  0]LogPakFile: OnPakFileMounted2Time == 0.000027
[2022.04.03-20.55.07:113][  0]LogPakFile: PakFile PrimaryIndexSize=190
[2022.04.03-20.55.07:113][  0]LogPakFile: PakFile PathHashIndexSize=101
[2022.04.03-20.55.07:113][  0]LogPakFile: PakFile FullDirectoryIndexSize=154
[2022.04.03-20.55.07:113][  0]LogShaderLibrary: Display: ShaderCodeLibraryPakFileMountedCallback: PakFile 'D:/Epic Games/UE_4.27/FeaturePacks/TP_SideScrollerBP.upack' (chunk index -1, root 'root:/') mounted
[2022.04.03-20.55.07:113][  0]LogShaderLibrary: Display: ShaderCodeLibraryPakFileMountedCallback: pending pak file info (ChunkID:-1 Root:root:/ File:D:/Epic Games/UE_4.27/FeaturePacks/TP_SideScrollerBP.upack)
[2022.04.03-20.55.07:114][  0]LogPakFile: OnPakFileMounted2Time == 0.000029
[2022.04.03-20.55.07:114][  0]LogPakFile: PakFile PrimaryIndexSize=187
[2022.04.03-20.55.07:114][  0]LogPakFile: PakFile PathHashIndexSize=101
[2022.04.03-20.55.07:114][  0]LogPakFile: PakFile FullDirectoryIndexSize=148
[2022.04.03-20.55.07:114][  0]LogShaderLibrary: Display: ShaderCodeLibraryPakFileMountedCallback: PakFile 'D:/Epic Games/UE_4.27/FeaturePacks/TP_ThirdPerson.upack' (chunk index -1, root 'root:/') mounted
[2022.04.03-20.55.07:114][  0]LogShaderLibrary: Display: ShaderCodeLibraryPakFileMountedCallback: pending pak file info (ChunkID:-1 Root:root:/ File:D:/Epic Games/UE_4.27/FeaturePacks/TP_ThirdPerson.upack)
[2022.04.03-20.55.07:114][  0]LogPakFile: OnPakFileMounted2Time == 0.000027
[2022.04.03-20.55.07:115][  0]LogPakFile: PakFile PrimaryIndexSize=189
[2022.04.03-20.55.07:115][  0]LogPakFile: PakFile PathHashIndexSize=101
[2022.04.03-20.55.07:115][  0]LogPakFile: PakFile FullDirectoryIndexSize=152
[2022.04.03-20.55.07:115][  0]LogShaderLibrary: Display: ShaderCodeLibraryPakFileMountedCallback: PakFile 'D:/Epic Games/UE_4.27/FeaturePacks/TP_ThirdPersonBP.upack' (chunk index -1, root 'root:/') mounted
[2022.04.03-20.55.07:115][  0]LogShaderLibrary: Display: ShaderCodeLibraryPakFileMountedCallback: pending pak file info (ChunkID:-1 Root:root:/ File:D:/Epic Games/UE_4.27/FeaturePacks/TP_ThirdPersonBP.upack)
[2022.04.03-20.55.07:115][  0]LogPakFile: OnPakFileMounted2Time == 0.000027
[2022.04.03-20.55.07:116][  0]LogPakFile: PakFile PrimaryIndexSize=183
[2022.04.03-20.55.07:116][  0]LogPakFile: PakFile PathHashIndexSize=101
[2022.04.03-20.55.07:116][  0]LogPakFile: PakFile FullDirectoryIndexSize=140
[2022.04.03-20.55.07:116][  0]LogShaderLibrary: Display: ShaderCodeLibraryPakFileMountedCallback: PakFile 'D:/Epic Games/UE_4.27/FeaturePacks/TP_TopDown.upack' (chunk index -1, root 'root:/') mounted
[2022.04.03-20.55.07:116][  0]LogShaderLibrary: Display: ShaderCodeLibraryPakFileMountedCallback: pending pak file info (ChunkID:-1 Root:root:/ File:D:/Epic Games/UE_4.27/FeaturePacks/TP_TopDown.upack)
[2022.04.03-20.55.07:116][  0]LogPakFile: OnPakFileMounted2Time == 0.000032
[2022.04.03-20.55.07:117][  0]LogPakFile: PakFile PrimaryIndexSize=185
[2022.04.03-20.55.07:117][  0]LogPakFile: PakFile PathHashIndexSize=101
[2022.04.03-20.55.07:117][  0]LogPakFile: PakFile FullDirectoryIndexSize=144
[2022.04.03-20.55.07:117][  0]LogShaderLibrary: Display: ShaderCodeLibraryPakFileMountedCallback: PakFile 'D:/Epic Games/UE_4.27/FeaturePacks/TP_TopDownBP.upack' (chunk index -1, root 'root:/') mounted
[2022.04.03-20.55.07:117][  0]LogShaderLibrary: Display: ShaderCodeLibraryPakFileMountedCallback: pending pak file info (ChunkID:-1 Root:root:/ File:D:/Epic Games/UE_4.27/FeaturePacks/TP_TopDownBP.upack)
[2022.04.03-20.55.07:117][  0]LogPakFile: OnPakFileMounted2Time == 0.000027
[2022.04.03-20.55.07:117][  0]LogPakFile: PakFile PrimaryIndexSize=185
[2022.04.03-20.55.07:117][  0]LogPakFile: PakFile PathHashIndexSize=101
[2022.04.03-20.55.07:117][  0]LogPakFile: PakFile FullDirectoryIndexSize=144
[2022.04.03-20.55.07:117][  0]LogShaderLibrary: Display: ShaderCodeLibraryPakFileMountedCallback: PakFile 'D:/Epic Games/UE_4.27/FeaturePacks/TP_TwinStick.upack' (chunk index -1, root 'root:/') mounted
[2022.04.03-20.55.07:117][  0]LogShaderLibrary: Display: ShaderCodeLibraryPakFileMountedCallback: pending pak file info (ChunkID:-1 Root:root:/ File:D:/Epic Games/UE_4.27/FeaturePacks/TP_TwinStick.upack)
[2022.04.03-20.55.07:117][  0]LogPakFile: OnPakFileMounted2Time == 0.000029
[2022.04.03-20.55.07:118][  0]LogPakFile: PakFile PrimaryIndexSize=187
[2022.04.03-20.55.07:118][  0]LogPakFile: PakFile PathHashIndexSize=101
[2022.04.03-20.55.07:118][  0]LogPakFile: PakFile FullDirectoryIndexSize=148
[2022.04.03-20.55.07:118][  0]LogShaderLibrary: Display: ShaderCodeLibraryPakFileMountedCallback: PakFile 'D:/Epic Games/UE_4.27/FeaturePacks/TP_TwinStickBP.upack' (chunk index -1, root 'root:/') mounted
[2022.04.03-20.55.07:118][  0]LogShaderLibrary: Display: ShaderCodeLibraryPakFileMountedCallback: pending pak file info (ChunkID:-1 Root:root:/ File:D:/Epic Games/UE_4.27/FeaturePacks/TP_TwinStickBP.upack)
[2022.04.03-20.55.07:118][  0]LogPakFile: OnPakFileMounted2Time == 0.000027
[2022.04.03-20.55.07:119][  0]LogPakFile: PakFile PrimaryIndexSize=183
[2022.04.03-20.55.07:119][  0]LogPakFile: PakFile PathHashIndexSize=101
[2022.04.03-20.55.07:119][  0]LogPakFile: PakFile FullDirectoryIndexSize=140
[2022.04.03-20.55.07:119][  0]LogShaderLibrary: Display: ShaderCodeLibraryPakFileMountedCallback: PakFile 'D:/Epic Games/UE_4.27/FeaturePacks/TP_Vehicle.upack' (chunk index -1, root 'root:/') mounted
[2022.04.03-20.55.07:119][  0]LogShaderLibrary: Display: ShaderCodeLibraryPakFileMountedCallback: pending pak file info (ChunkID:-1 Root:root:/ File:D:/Epic Games/UE_4.27/FeaturePacks/TP_Vehicle.upack)
[2022.04.03-20.55.07:119][  0]LogPakFile: OnPakFileMounted2Time == 0.000025
[2022.04.03-20.55.07:120][  0]LogPakFile: PakFile PrimaryIndexSize=186
[2022.04.03-20.55.07:120][  0]LogPakFile: PakFile PathHashIndexSize=101
[2022.04.03-20.55.07:120][  0]LogPakFile: PakFile FullDirectoryIndexSize=146
[2022.04.03-20.55.07:120][  0]LogShaderLibrary: Display: ShaderCodeLibraryPakFileMountedCallback: PakFile 'D:/Epic Games/UE_4.27/FeaturePacks/TP_VehicleAdv.upack' (chunk index -1, root 'root:/') mounted
[2022.04.03-20.55.07:120][  0]LogShaderLibrary: Display: ShaderCodeLibraryPakFileMountedCallback: pending pak file info (ChunkID:-1 Root:root:/ File:D:/Epic Games/UE_4.27/FeaturePacks/TP_VehicleAdv.upack)
[2022.04.03-20.55.07:120][  0]LogPakFile: OnPakFileMounted2Time == 0.000026
[2022.04.03-20.55.07:120][  0]LogPakFile: PakFile PrimaryIndexSize=188
[2022.04.03-20.55.07:120][  0]LogPakFile: PakFile PathHashIndexSize=101
[2022.04.03-20.55.07:120][  0]LogPakFile: PakFile FullDirectoryIndexSize=150
[2022.04.03-20.55.07:120][  0]LogShaderLibrary: Display: ShaderCodeLibraryPakFileMountedCallback: PakFile 'D:/Epic Games/UE_4.27/FeaturePacks/TP_VehicleAdvBP.upack' (chunk index -1, root 'root:/') mounted
[2022.04.03-20.55.07:120][  0]LogShaderLibrary: Display: ShaderCodeLibraryPakFileMountedCallback: pending pak file info (ChunkID:-1 Root:root:/ File:D:/Epic Games/UE_4.27/FeaturePacks/TP_VehicleAdvBP.upack)
[2022.04.03-20.55.07:120][  0]LogPakFile: OnPakFileMounted2Time == 0.000029
[2022.04.03-20.55.07:121][  0]LogPakFile: PakFile PrimaryIndexSize=185
[2022.04.03-20.55.07:121][  0]LogPakFile: PakFile PathHashIndexSize=101
[2022.04.03-20.55.07:121][  0]LogPakFile: PakFile FullDirectoryIndexSize=144
[2022.04.03-20.55.07:121][  0]LogShaderLibrary: Display: ShaderCodeLibraryPakFileMountedCallback: PakFile 'D:/Epic Games/UE_4.27/FeaturePacks/TP_VehicleBP.upack' (chunk index -1, root 'root:/') mounted
[2022.04.03-20.55.07:121][  0]LogShaderLibrary: Display: ShaderCodeLibraryPakFileMountedCallback: pending pak file info (ChunkID:-1 Root:root:/ File:D:/Epic Games/UE_4.27/FeaturePacks/TP_VehicleBP.upack)
[2022.04.03-20.55.07:121][  0]LogPakFile: OnPakFileMounted2Time == 0.000027
[2022.04.03-20.55.07:122][  0]LogPakFile: PakFile PrimaryIndexSize=192
[2022.04.03-20.55.07:122][  0]LogPakFile: PakFile PathHashIndexSize=101
[2022.04.03-20.55.07:122][  0]LogPakFile: PakFile FullDirectoryIndexSize=158
[2022.04.03-20.55.07:122][  0]LogShaderLibrary: Display: ShaderCodeLibraryPakFileMountedCallback: PakFile 'D:/Epic Games/UE_4.27/FeaturePacks/TP_VirtualRealityBP.upack' (chunk index -1, root 'root:/') mounted
[2022.04.03-20.55.07:122][  0]LogShaderLibrary: Display: ShaderCodeLibraryPakFileMountedCallback: pending pak file info (ChunkID:-1 Root:root:/ File:D:/Epic Games/UE_4.27/FeaturePacks/TP_VirtualRealityBP.upack)
[2022.04.03-20.55.07:122][  0]LogPakFile: OnPakFileMounted2Time == 0.000027
[2022.04.03-20.55.07:183][  0]LogNativeClassHierarchy: Verbose: Native class hierarchy updated for 'AddContentDialog' in 0.0003 seconds. Added 0 classes and 0 folders.
[2022.04.03-20.55.07:190][  0]LogNativeClassHierarchy: Verbose: Native class hierarchy updated for 'SceneOutliner' in 0.0003 seconds. Added 2 classes and 3 folders.
[2022.04.03-20.55.07:264][  0]LogSlate: Took 0.000238 seconds to synchronously load lazily loaded font '../../../Engine/Content/Slate/Fonts/Roboto-Regular.ttf' (155K)
[2022.04.03-20.55.07:265][  0]LogSlate: Took 0.000148 seconds to synchronously load lazily loaded font '../../../Engine/Content/Editor/Slate/Fonts/FontAwesome.ttf' (139K)
[2022.04.03-20.55.07:266][  0]LogSlate: Took 0.000138 seconds to synchronously load lazily loaded font '../../../Engine/Content/Slate/Fonts/Roboto-Bold.ttf' (160K)
[2022.04.03-20.55.07:335][  0]LogRenderer: Reallocating scene render targets to support 1616x852 Format 10 NumSamples 1 (Frame:1).
[2022.04.03-20.55.07:457][  0]LogNativeClassHierarchy: Verbose: Native class hierarchy updated for 'HierarchicalLODOutliner' in 0.0003 seconds. Added 0 classes and 0 folders.
[2022.04.03-20.55.07:457][  0]LogInput: Warning: Action Jump uses invalid key OculusGo_Left_Trigger_Click.
[2022.04.03-20.55.07:457][  0]LogInput: Warning: Action Jump uses invalid key MagicLeap_Left_Trigger.
[2022.04.03-20.55.07:457][  0]LogInput: Warning: Action ResetVR uses invalid key OculusGo_Left_Trackpad_Click.
[2022.04.03-20.55.07:457][  0]LogInput: Warning: Action ResetVR uses invalid key MagicLeap_Left_Bumper.
[2022.04.03-20.55.07:457][  0]LogInput: Warning: Use -RemoveInvalidKeys to remove instances of these keys from the action mapping.
[2022.04.03-20.55.07:457][  0]LogLoad: (Engine Initialization) Total time: 5.73 seconds
[2022.04.03-20.55.07:457][  0]LogLoad: (Engine Initialization) Total Blueprint compile time: 0.00 seconds
[2022.04.03-20.55.07:514][  0]LogContentStreaming: Texture pool size now 1000 MB
[2022.04.03-20.55.07:651][  3]LogAssetRegistry: Asset discovery search completed in 2.9444 seconds
[2022.04.03-20.55.07:652][  3]LogCollectionManager: Fixed up redirectors for 0 collections in 0.000003 seconds (updated 0 objects)
[2022.04.03-20.55.18:493][235]LogSlate: Window 'Source Control Login' being destroyed
[2022.04.03-20.55.36:099][279]LogSlate: Took 0.006492 seconds to synchronously load lazily loaded font '../../../Engine/Content/Slate/Fonts/DroidSansMono.ttf' (77K)
[2022.04.03-20.55.43:573][158]LogSlate: Window 'Source Control Login' being destroyed
